#
# There is insufficient memory for the Java Runtime Environment to continue.
# Native memory allocation (mmap) failed to map 146800640 bytes for committing reserved memory.
# Possible reasons:
#   The system is out of physical RAM or swap space
#   In 32 bit mode, the process size limit was hit
# Possible solutions:
#   Reduce memory load on the system
#   Increase physical memory or swap space
#   Check if swap backing store is full
#   Use 64 bit Java on a 64 bit OS
#   Decrease Java heap size (-Xmx/-Xms)
#   Decrease number of Java threads
#   Decrease Java thread stack sizes (-Xss)
#   Set larger code cache with -XX:ReservedCodeCacheSize=
# This output file may be truncated or incomplete.
#
#  Out of Memory Error (os_linux.cpp:2630), pid=5720, tid=140556364924672
#
# JRE version: OpenJDK Runtime Environment (8.0_91-b14) (build 1.8.0_91-8u91-b14-0ubuntu4~16.04.1-b14)
# Java VM: OpenJDK 64-Bit Server VM (25.91-b14 mixed mode linux-amd64 compressed oops)
# Failed to write core dump. Core dumps have been disabled. To enable core dumping, try "ulimit -c unlimited" before starting Java again
#

---------------  T H R E A D  ---------------

Current thread (0x00007fd5e8077800):  VMThread [stack: 0x00007fd5d423c000,0x00007fd5d433d000] [id=5729]

Stack: [0x00007fd5d423c000,0x00007fd5d433d000],  sp=0x00007fd5d433b4c0,  free space=1021k
Native frames: (J=compiled Java code, j=interpreted, Vv=VM code, C=native code)
V  [libjvm.so+0xa5d53b]
V  [libjvm.so+0x4c172c]
V  [libjvm.so+0x8ae1e0]
V  [libjvm.so+0x8a865e]
V  [libjvm.so+0x922756]
V  [libjvm.so+0x923a83]
V  [libjvm.so+0x920133]
V  [libjvm.so+0x9203fc]
V  [libjvm.so+0x8d2a73]
V  [libjvm.so+0xa5f1f2]
V  [libjvm.so+0xa64277]
V  [libjvm.so+0xa61a47]
V  [libjvm.so+0xa62ecf]
V  [libjvm.so+0xa633c1]
V  [libjvm.so+0x8ab6c2]

VM_Operation (0x00007fd5ef0cb0c0): ParallelGCFailedAllocation, mode: safepoint, requested by thread 0x00007fd5e800a000


---------------  P R O C E S S  ---------------

Java Threads: ( => current thread )
  0x00007fd5e80b9800 JavaThread "Service Thread" daemon [_thread_blocked, id=5749, stack(0x00007fd5bf821000,0x00007fd5bf922000)]
  0x00007fd5e80b2000 JavaThread "C1 CompilerThread2" daemon [_thread_blocked, id=5748, stack(0x00007fd5bf922000,0x00007fd5bfa23000)]
  0x00007fd5e80b0000 JavaThread "C2 CompilerThread1" daemon [_thread_blocked, id=5746, stack(0x00007fd5bfa23000,0x00007fd5bfb24000)]
  0x00007fd5e80ad800 JavaThread "C2 CompilerThread0" daemon [_thread_blocked, id=5744, stack(0x00007fd5bfb24000,0x00007fd5bfc25000)]
  0x00007fd5e80ab000 JavaThread "Signal Dispatcher" daemon [_thread_blocked, id=5742, stack(0x00007fd5bfc25000,0x00007fd5bfd26000)]
  0x00007fd5e8083800 JavaThread "Finalizer" daemon [_thread_blocked, id=5732, stack(0x00007fd5d403a000,0x00007fd5d413b000)]
  0x00007fd5e807f000 JavaThread "Reference Handler" daemon [_thread_blocked, id=5730, stack(0x00007fd5d413b000,0x00007fd5d423c000)]
  0x00007fd5e800a000 JavaThread "main" [_thread_blocked, id=5722, stack(0x00007fd5eefcc000,0x00007fd5ef0cd000)]

Other Threads:
=>0x00007fd5e8077800 VMThread [stack: 0x00007fd5d423c000,0x00007fd5d433d000] [id=5729]
  0x00007fd5e80bc000 WatcherThread [stack: 0x00007fd5bf720000,0x00007fd5bf821000] [id=5750]

VM state:at safepoint (normal execution)

VM Mutex/Monitor currently owned by a thread:  ([mutex/lock_event])
[0x00007fd5e80067b0] Threads_lock - owner thread: 0x00007fd5e8077800
[0x00007fd5e8006cb0] Heap_lock - owner thread: 0x00007fd5e800a000

Heap:
 PSYoungGen      total 140288K, used 14333K [0x00000000eab00000, 0x00000000f4300000, 0x0000000100000000)
  eden space 125952K, 0% used [0x00000000eab00000,0x00000000eab00000,0x00000000f2600000)
  from space 14336K, 99% used [0x00000000f2600000,0x00000000f33ff448,0x00000000f3400000)
  to   space 13312K, 0% used [0x00000000f3400000,0x00000000f3400000,0x00000000f4100000)
 ParOldGen       total 42496K, used 34908K [0x00000000c0000000, 0x00000000c2980000, 0x00000000eab00000)
  object space 42496K, 82% used [0x00000000c0000000,0x00000000c2217150,0x00000000c2980000)
 Metaspace       used 6481K, capacity 7344K, committed 7552K, reserved 1056768K
  class space    used 604K, capacity 616K, committed 640K, reserved 1048576K

Card table byte_map: [0x00007fd5d8418000,0x00007fd5d8619000] byte_map_base: 0x00007fd5d7e18000

Marking Bits: (ParMarkBitMap*) 0x00007fd5ee29efc0
 Begin Bits: [0x00007fd5d5ebe000, 0x00007fd5d6ebe000)
 End Bits:   [0x00007fd5d6ebe000, 0x00007fd5d7ebe000)

Polling page: 0x00007fd5ef0f0000

CodeCache: size=245760Kb used=7808Kb max_used=7808Kb free=237951Kb
 bounds [0x00007fd5d89d9000, 0x00007fd5d9189000, 0x00007fd5e79d9000]
 total_blobs=2299 nmethods=2032 adapters=182
 compilation: enabled

Compilation events (10 events):
Event: 11,238 Thread 0x00007fd5e80b2000 nmethod 2527 0x00007fd5d917c190 code [0x00007fd5d917c340, 0x00007fd5d917c708]
Event: 11,238 Thread 0x00007fd5e80b2000 2510       2       com.android.dx.dex.code.form.Form21t::branchFits (22 bytes)
Event: 11,238 Thread 0x00007fd5e80b2000 nmethod 2510 0x00007fd5d917c990 code [0x00007fd5d917cb20, 0x00007fd5d917ce38]
Event: 11,239 Thread 0x00007fd5e80b2000 2514       2       com.android.dx.dex.code.form.Form21t::isCompatible (58 bytes)
Event: 11,239 Thread 0x00007fd5e80b2000 nmethod 2514 0x00007fd5d917d050 code [0x00007fd5d917d200, 0x00007fd5d917d6e8]
Event: 11,240 Thread 0x00007fd5e80b2000 2512       2       com.android.dx.dex.code.LocalList$MakeState::<init> (37 bytes)
Event: 11,240 Thread 0x00007fd5e80b2000 nmethod 2512 0x00007fd5d917db10 code [0x00007fd5d917dc80, 0x00007fd5d917dea8]
Event: 11,240 Thread 0x00007fd5e80b2000 2528       2       com.android.dx.dex.code.InsnFormat::signedFitsInNibble (18 bytes)
Event: 11,240 Thread 0x00007fd5e80b2000 nmethod 2528 0x00007fd5d917df90 code [0x00007fd5d917e0e0, 0x00007fd5d917e230]
Event: 11,240 Thread 0x00007fd5e80b2000 2508       2       com.android.dx.dex.code.form.Form12x::isCompatible (119 bytes)

GC Heap History (10 events):
Event: 2,828 GC heap after
Heap after GC invocations=2 (full 0):
 PSYoungGen      total 34304K, used 2536K [0x00000000eab00000, 0x00000000ecf00000, 0x0000000100000000)
  eden space 31744K, 0% used [0x00000000eab00000,0x00000000eab00000,0x00000000eca00000)
  from space 2560K, 99% used [0x00000000ecc80000,0x00000000ecefa2e8,0x00000000ecf00000)
  to   space 2560K, 0% used [0x00000000eca00000,0x00000000eca00000,0x00000000ecc80000)
 ParOldGen       total 42496K, used 2370K [0x00000000c0000000, 0x00000000c2980000, 0x00000000eab00000)
  object space 42496K, 5% used [0x00000000c0000000,0x00000000c0250a38,0x00000000c2980000)
 Metaspace       used 5691K, capacity 6768K, committed 7040K, reserved 1056768K
  class space    used 568K, capacity 616K, committed 640K, reserved 1048576K
}
Event: 4,446 GC heap before
{Heap before GC invocations=3 (full 0):
 PSYoungGen      total 34304K, used 34280K [0x00000000eab00000, 0x00000000ecf00000, 0x0000000100000000)
  eden space 31744K, 100% used [0x00000000eab00000,0x00000000eca00000,0x00000000eca00000)
  from space 2560K, 99% used [0x00000000ecc80000,0x00000000ecefa2e8,0x00000000ecf00000)
  to   space 2560K, 0% used [0x00000000eca00000,0x00000000eca00000,0x00000000ecc80000)
 ParOldGen       total 42496K, used 2370K [0x00000000c0000000, 0x00000000c2980000, 0x00000000eab00000)
  object space 42496K, 5% used [0x00000000c0000000,0x00000000c0250a38,0x00000000c2980000)
 Metaspace       used 5761K, capacity 6832K, committed 7040K, reserved 1056768K
  class space    used 568K, capacity 616K, committed 640K, reserved 1048576K
Event: 4,502 GC heap after
Heap after GC invocations=3 (full 0):
 PSYoungGen      total 34304K, used 2553K [0x00000000eab00000, 0x00000000eee00000, 0x0000000100000000)
  eden space 31744K, 0% used [0x00000000eab00000,0x00000000eab00000,0x00000000eca00000)
  from space 2560K, 99% used [0x00000000eca00000,0x00000000ecc7e470,0x00000000ecc80000)
  to   space 2560K, 0% used [0x00000000eeb80000,0x00000000eeb80000,0x00000000eee00000)
 ParOldGen       total 42496K, used 7584K [0x00000000c0000000, 0x00000000c2980000, 0x00000000eab00000)
  object space 42496K, 17% used [0x00000000c0000000,0x00000000c0768238,0x00000000c2980000)
 Metaspace       used 5761K, capacity 6832K, committed 7040K, reserved 1056768K
  class space    used 568K, capacity 616K, committed 640K, reserved 1048576K
}
Event: 5,513 GC heap before
{Heap before GC invocations=4 (full 0):
 PSYoungGen      total 34304K, used 34297K [0x00000000eab00000, 0x00000000eee00000, 0x0000000100000000)
  eden space 31744K, 100% used [0x00000000eab00000,0x00000000eca00000,0x00000000eca00000)
  from space 2560K, 99% used [0x00000000eca00000,0x00000000ecc7e470,0x00000000ecc80000)
  to   space 2560K, 0% used [0x00000000eeb80000,0x00000000eeb80000,0x00000000eee00000)
 ParOldGen       total 42496K, used 7584K [0x00000000c0000000, 0x00000000c2980000, 0x00000000eab00000)
  object space 42496K, 17% used [0x00000000c0000000,0x00000000c0768238,0x00000000c2980000)
 Metaspace       used 5804K, capacity 6896K, committed 7040K, reserved 1056768K
  class space    used 568K, capacity 616K, committed 640K, reserved 1048576K
Event: 5,590 GC heap after
Heap after GC invocations=4 (full 0):
 PSYoungGen      total 66048K, used 2553K [0x00000000eab00000, 0x00000000eee00000, 0x0000000100000000)
  eden space 63488K, 0% used [0x00000000eab00000,0x00000000eab00000,0x00000000ee900000)
  from space 2560K, 99% used [0x00000000eeb80000,0x00000000eedfe470,0x00000000eee00000)
  to   space 2560K, 0% used [0x00000000ee900000,0x00000000ee900000,0x00000000eeb80000)
 ParOldGen       total 42496K, used 12372K [0x00000000c0000000, 0x00000000c2980000, 0x00000000eab00000)
  object space 42496K, 29% used [0x00000000c0000000,0x00000000c0c15240,0x00000000c2980000)
 Metaspace       used 5804K, capacity 6896K, committed 7040K, reserved 1056768K
  class space    used 568K, capacity 616K, committed 640K, reserved 1048576K
}
Event: 6,998 GC heap before
{Heap before GC invocations=5 (full 0):
 PSYoungGen      total 66048K, used 66041K [0x00000000eab00000, 0x00000000eee00000, 0x0000000100000000)
  eden space 63488K, 100% used [0x00000000eab00000,0x00000000ee900000,0x00000000ee900000)
  from space 2560K, 99% used [0x00000000eeb80000,0x00000000eedfe470,0x00000000eee00000)
  to   space 2560K, 0% used [0x00000000ee900000,0x00000000ee900000,0x00000000eeb80000)
 ParOldGen       total 42496K, used 12372K [0x00000000c0000000, 0x00000000c2980000, 0x00000000eab00000)
  object space 42496K, 29% used [0x00000000c0000000,0x00000000c0c15240,0x00000000c2980000)
 Metaspace       used 5868K, capacity 6896K, committed 7040K, reserved 1056768K
  class space    used 569K, capacity 616K, committed 640K, reserved 1048576K
Event: 7,059 GC heap after
Heap after GC invocations=5 (full 0):
 PSYoungGen      total 66048K, used 2528K [0x00000000eab00000, 0x00000000f4100000, 0x0000000100000000)
  eden space 63488K, 0% used [0x00000000eab00000,0x00000000eab00000,0x00000000ee900000)
  from space 2560K, 98% used [0x00000000ee900000,0x00000000eeb78028,0x00000000eeb80000)
  to   space 13312K, 0% used [0x00000000f3400000,0x00000000f3400000,0x00000000f4100000)
 ParOldGen       total 42496K, used 21671K [0x00000000c0000000, 0x00000000c2980000, 0x00000000eab00000)
  object space 42496K, 50% used [0x00000000c0000000,0x00000000c1529d68,0x00000000c2980000)
 Metaspace       used 5868K, capacity 6896K, committed 7040K, reserved 1056768K
  class space    used 569K, capacity 616K, committed 640K, reserved 1048576K
}
Event: 8,599 GC heap before
{Heap before GC invocations=6 (full 0):
 PSYoungGen      total 66048K, used 66016K [0x00000000eab00000, 0x00000000f4100000, 0x0000000100000000)
  eden space 63488K, 100% used [0x00000000eab00000,0x00000000ee900000,0x00000000ee900000)
  from space 2560K, 98% used [0x00000000ee900000,0x00000000eeb78028,0x00000000eeb80000)
  to   space 13312K, 0% used [0x00000000f3400000,0x00000000f3400000,0x00000000f4100000)
 ParOldGen       total 42496K, used 21671K [0x00000000c0000000, 0x00000000c2980000, 0x00000000eab00000)
  object space 42496K, 50% used [0x00000000c0000000,0x00000000c1529d68,0x00000000c2980000)
 Metaspace       used 6026K, capacity 6960K, committed 7040K, reserved 1056768K
  class space    used 587K, capacity 616K, committed 640K, reserved 1048576K
Event: 8,730 GC heap after
Heap after GC invocations=6 (full 0):
 PSYoungGen      total 139264K, used 10990K [0x00000000eab00000, 0x00000000f4300000, 0x0000000100000000)
  eden space 125952K, 0% used [0x00000000eab00000,0x00000000eab00000,0x00000000f2600000)
  from space 13312K, 82% used [0x00000000f3400000,0x00000000f3ebb960,0x00000000f4100000)
  to   space 14336K, 0% used [0x00000000f2600000,0x00000000f2600000,0x00000000f3400000)
 ParOldGen       total 42496K, used 21671K [0x00000000c0000000, 0x00000000c2980000, 0x00000000eab00000)
  object space 42496K, 50% used [0x00000000c0000000,0x00000000c1529d68,0x00000000c2980000)
 Metaspace       used 6026K, capacity 6960K, committed 7040K, reserved 1056768K
  class space    used 587K, capacity 616K, committed 640K, reserved 1048576K
}
Event: 11,249 GC heap before
{Heap before GC invocations=7 (full 0):
 PSYoungGen      total 139264K, used 136942K [0x00000000eab00000, 0x00000000f4300000, 0x0000000100000000)
  eden space 125952K, 100% used [0x00000000eab00000,0x00000000f2600000,0x00000000f2600000)
  from space 13312K, 82% used [0x00000000f3400000,0x00000000f3ebb960,0x00000000f4100000)
  to   space 14336K, 0% used [0x00000000f2600000,0x00000000f2600000,0x00000000f3400000)
 ParOldGen       total 42496K, used 21671K [0x00000000c0000000, 0x00000000c2980000, 0x00000000eab00000)
  object space 42496K, 50% used [0x00000000c0000000,0x00000000c1529d68,0x00000000c2980000)
 Metaspace       used 6481K, capacity 7344K, committed 7552K, reserved 1056768K
  class space    used 604K, capacity 616K, committed 640K, reserved 1048576K

Deoptimization events (10 events):
Event: 9,305 Thread 0x00007fd5e8179800 Uncommon trap: reason=bimorphic action=maybe_recompile pc=0x00007fd5d8fc9750 method=com.android.dx.cf.code.BytecodeArray.parseInstruction(ILcom/android/dx/cf/code/BytecodeArray$Visitor;)I @ 971
Event: 9,485 Thread 0x00007fd5e817c000 Uncommon trap: reason=unstable_if action=reinterpret pc=0x00007fd5d8f0c098 method=com.android.dx.ssa.SCCP.simulateBranch(Lcom/android/dx/ssa/SsaInsn;)V @ 548
Event: 9,599 Thread 0x00007fd5e817a800 Uncommon trap: reason=unstable_if action=reinterpret pc=0x00007fd5d905e4d0 method=java.util.HashMap.putVal(ILjava/lang/Object;Ljava/lang/Object;ZZ)Ljava/lang/Object; @ 109
Event: 9,599 Thread 0x00007fd5e817a800 Uncommon trap: reason=unstable_if action=reinterpret pc=0x00007fd5d8d7c82c method=java.util.HashMap.getNode(ILjava/lang/Object;)Ljava/util/HashMap$Node; @ 84
Event: 10,224 Thread 0x00007fd5e800a000 Uncommon trap: reason=class_check action=maybe_recompile pc=0x00007fd5d8de1bbc method=java.util.Arrays.hashCode([Ljava/lang/Object;)I @ 43
Event: 10,224 Thread 0x00007fd5e800a000 Uncommon trap: reason=class_check action=maybe_recompile pc=0x00007fd5d8de1bbc method=java.util.Arrays.hashCode([Ljava/lang/Object;)I @ 43
Event: 10,224 Thread 0x00007fd5e800a000 Uncommon trap: reason=class_check action=maybe_recompile pc=0x00007fd5d8de1bbc method=java.util.Arrays.hashCode([Ljava/lang/Object;)I @ 43
Event: 10,224 Thread 0x00007fd5e800a000 Uncommon trap: reason=class_check action=maybe_recompile pc=0x00007fd5d8de1bbc method=java.util.Arrays.hashCode([Ljava/lang/Object;)I @ 43
Event: 10,232 Thread 0x00007fd5e800a000 Uncommon trap: reason=class_check action=maybe_recompile pc=0x00007fd5d8d9c174 method=java.util.Arrays.hashCode([Ljava/lang/Object;)I @ 43
Event: 10,975 Thread 0x00007fd5e800a000 Uncommon trap: reason=unstable_if action=reinterpret pc=0x00007fd5d8cc9870 method=java.util.Arrays.equals([Ljava/lang/Object;[Ljava/lang/Object;)Z @ 23

Internal exceptions (6 events):
Event: 0,137 Thread 0x00007fd5e800a000 Exception <a 'java/lang/NoSuchMethodError': Method sun.misc.Unsafe.defineClass(Ljava/lang/String;[BII)Ljava/lang/Class; name or signature does not match> (0x00000000eab07cc0) thrown at [/build/openjdk-8-6lTAoN/openjdk-8-8u91-b14/src/hotspot/src/share/vm/p
Event: 0,137 Thread 0x00007fd5e800a000 Exception <a 'java/lang/NoSuchMethodError': Method sun.misc.Unsafe.prefetchRead(Ljava/lang/Object;J)V name or signature does not match> (0x00000000eab07fa8) thrown at [/build/openjdk-8-6lTAoN/openjdk-8-8u91-b14/src/hotspot/src/share/vm/prims/jni.cpp, line
Event: 3,248 Thread 0x00007fd5e8179800 Implicit null exception at 0x00007fd5d8cab15d to 0x00007fd5d8cadfd9
Event: 7,891 Thread 0x00007fd5e8179800 Exception <a 'java/lang/ArrayIndexOutOfBoundsException': 18> (0x00000000eb7cd498) thrown at [/build/openjdk-8-6lTAoN/openjdk-8-8u91-b14/src/hotspot/src/share/vm/interpreter/interpreterRuntime.cpp, line 366]
Event: 7,892 Thread 0x00007fd5e8179800 Exception <a 'java/lang/ArrayIndexOutOfBoundsException': 145> (0x00000000eb7cf018) thrown at [/build/openjdk-8-6lTAoN/openjdk-8-8u91-b14/src/hotspot/src/share/vm/interpreter/interpreterRuntime.cpp, line 366]
Event: 7,967 Thread 0x00007fd5e8179800 Exception <a 'java/lang/ArrayIndexOutOfBoundsException'> (0x00000000eb7d0300) thrown at [/build/openjdk-8-6lTAoN/openjdk-8-8u91-b14/src/hotspot/src/share/vm/runtime/sharedRuntime.cpp, line 605]

Events (10 events):
Event: 11,193 Thread 0x00007fd5e800a000 DEOPT UNPACKING pc=0x00007fd5d8a20373 sp=0x00007fd5ef0cb178 mode 0
Event: 11,193 Thread 0x00007fd5e800a000 DEOPT PACKING pc=0x00007fd5d9140ff9 sp=0x00007fd5ef0cb440
Event: 11,193 Thread 0x00007fd5e800a000 DEOPT UNPACKING pc=0x00007fd5d8a20373 sp=0x00007fd5ef0cb1e0 mode 0
Event: 11,193 Thread 0x00007fd5e800a000 DEOPT PACKING pc=0x00007fd5d914179e sp=0x00007fd5ef0cb380
Event: 11,193 Thread 0x00007fd5e800a000 DEOPT UNPACKING pc=0x00007fd5d8a20373 sp=0x00007fd5ef0cb128 mode 0
Event: 11,200 Thread 0x00007fd5e800a000 DEOPT PACKING pc=0x00007fd5d9135a79 sp=0x00007fd5ef0cb260
Event: 11,200 Thread 0x00007fd5e800a000 DEOPT UNPACKING pc=0x00007fd5d8a20373 sp=0x00007fd5ef0cb008 mode 0
Event: 11,249 Thread 0x00007fd5e800a000 DEOPT PACKING pc=0x00007fd5d9127480 sp=0x00007fd5ef0cb210
Event: 11,249 Thread 0x00007fd5e800a000 DEOPT UNPACKING pc=0x00007fd5d8a20373 sp=0x00007fd5ef0cafb0 mode 0
Event: 11,249 Executing VM operation: ParallelGCFailedAllocation


Dynamic libraries:
00400000-00401000 r-xp 00000000 08:07 2623089                            /usr/lib/jvm/java-8-openjdk-amd64/jre/bin/java
00600000-00601000 r--p 00000000 08:07 2623089                            /usr/lib/jvm/java-8-openjdk-amd64/jre/bin/java
00601000-00602000 rw-p 00001000 08:07 2623089                            /usr/lib/jvm/java-8-openjdk-amd64/jre/bin/java
025a2000-025c3000 rw-p 00000000 00:00 0                                  [heap]
c0000000-c2980000 rw-p 00000000 00:00 0 
c2980000-eab00000 ---p 00000000 00:00 0 
eab00000-f4300000 rw-p 00000000 00:00 0 
fcf00000-100000000 ---p 00000000 00:00 0 
100000000-1000a0000 rw-p 00000000 00:00 0 
1000a0000-140000000 ---p 00000000 00:00 0 
7fd584000000-7fd584021000 rw-p 00000000 00:00 0 
7fd584021000-7fd588000000 ---p 00000000 00:00 0 
7fd58c000000-7fd58c031000 rw-p 00000000 00:00 0 
7fd58c031000-7fd590000000 ---p 00000000 00:00 0 
7fd590000000-7fd590021000 rw-p 00000000 00:00 0 
7fd590021000-7fd594000000 ---p 00000000 00:00 0 
7fd594000000-7fd594021000 rw-p 00000000 00:00 0 
7fd594021000-7fd598000000 ---p 00000000 00:00 0 
7fd598000000-7fd598021000 rw-p 00000000 00:00 0 
7fd598021000-7fd59c000000 ---p 00000000 00:00 0 
7fd59c000000-7fd59c021000 rw-p 00000000 00:00 0 
7fd59c021000-7fd5a0000000 ---p 00000000 00:00 0 
7fd5a0000000-7fd5a0021000 rw-p 00000000 00:00 0 
7fd5a0021000-7fd5a4000000 ---p 00000000 00:00 0 
7fd5a4000000-7fd5a4fb0000 rw-p 00000000 00:00 0 
7fd5a4fb0000-7fd5a8000000 ---p 00000000 00:00 0 
7fd5a8000000-7fd5a8a7c000 rw-p 00000000 00:00 0 
7fd5a8a7c000-7fd5ac000000 ---p 00000000 00:00 0 
7fd5ac000000-7fd5ac021000 rw-p 00000000 00:00 0 
7fd5ac021000-7fd5b0000000 ---p 00000000 00:00 0 
7fd5b0000000-7fd5b0dca000 rw-p 00000000 00:00 0 
7fd5b0dca000-7fd5b4000000 ---p 00000000 00:00 0 
7fd5b4000000-7fd5b4021000 rw-p 00000000 00:00 0 
7fd5b4021000-7fd5b8000000 ---p 00000000 00:00 0 
7fd5b8000000-7fd5b8021000 rw-p 00000000 00:00 0 
7fd5b8021000-7fd5bc000000 ---p 00000000 00:00 0 
7fd5bf1d7000-7fd5bf1f9000 r--p 00000000 08:07 1585084                    /usr/share/locale-langpack/it/LC_MESSAGES/libc.mo
7fd5bf1f9000-7fd5bf1fc000 ---p 00000000 00:00 0 
7fd5bf1fc000-7fd5bf2fa000 rw-p 00000000 00:00 0 
7fd5bf2fa000-7fd5bf2fd000 ---p 00000000 00:00 0 
7fd5bf2fd000-7fd5bf3fb000 rw-p 00000000 00:00 0 
7fd5bf3fb000-7fd5bf3fe000 ---p 00000000 00:00 0 
7fd5bf3fe000-7fd5bf4fc000 rw-p 00000000 00:00 0 
7fd5bf4fc000-7fd5bf4ff000 ---p 00000000 00:00 0 
7fd5bf4ff000-7fd5bf5fd000 rw-p 00000000 00:00 0 
7fd5bf5fd000-7fd5bf600000 ---p 00000000 00:00 0 
7fd5bf600000-7fd5bf6fe000 rw-p 00000000 00:00 0 
7fd5bf700000-7fd5bf707000 r--s 00000000 08:07 1319498                    /usr/lib/x86_64-linux-gnu/gconv/gconv-modules.cache
7fd5bf707000-7fd5bf716000 r--s 000df000 08:07 1458133                    /home/gianni/Android/Sdk/build-tools/23.0.3/lib/dx.jar
7fd5bf716000-7fd5bf71c000 r--s 0003a000 08:07 402373                     /usr/lib/jvm/java-8-openjdk-amd64/jre/lib/ext/sunjce_provider.jar
7fd5bf71c000-7fd5bf720000 r--s 00037000 08:07 402379                     /usr/lib/jvm/java-8-openjdk-amd64/jre/lib/ext/sunpkcs11.jar
7fd5bf720000-7fd5bf721000 ---p 00000000 00:00 0 
7fd5bf721000-7fd5bf821000 rw-p 00000000 00:00 0 
7fd5bf821000-7fd5bf824000 ---p 00000000 00:00 0 
7fd5bf824000-7fd5bf922000 rw-p 00000000 00:00 0 
7fd5bf922000-7fd5bf925000 ---p 00000000 00:00 0 
7fd5bf925000-7fd5bfa23000 rw-p 00000000 00:00 0 
7fd5bfa23000-7fd5bfa26000 ---p 00000000 00:00 0 
7fd5bfa26000-7fd5bfb24000 rw-p 00000000 00:00 0 
7fd5bfb24000-7fd5bfb27000 ---p 00000000 00:00 0 
7fd5bfb27000-7fd5bfc25000 rw-p 00000000 00:00 0 
7fd5bfc25000-7fd5bfc28000 ---p 00000000 00:00 0 
7fd5bfc28000-7fd5bfd26000 rw-p 00000000 00:00 0 
7fd5bfd26000-7fd5c0000000 r--p 00000000 08:07 1050016                    /usr/lib/locale/locale-archive
7fd5c0000000-7fd5c0021000 rw-p 00000000 00:00 0 
7fd5c0021000-7fd5c4000000 ---p 00000000 00:00 0 
7fd5c4000000-7fd5c4021000 rw-p 00000000 00:00 0 
7fd5c4021000-7fd5c8000000 ---p 00000000 00:00 0 
7fd5c8000000-7fd5c8021000 rw-p 00000000 00:00 0 
7fd5c8021000-7fd5cc000000 ---p 00000000 00:00 0 
7fd5cc000000-7fd5cc021000 rw-p 00000000 00:00 0 
7fd5cc021000-7fd5d0000000 ---p 00000000 00:00 0 
7fd5d0000000-7fd5d0021000 rw-p 00000000 00:00 0 
7fd5d0021000-7fd5d4000000 ---p 00000000 00:00 0 
7fd5d4003000-7fd5d401e000 r--s 001d7000 08:07 402378                     /usr/lib/jvm/java-8-openjdk-amd64/jre/lib/ext/nashorn.jar
7fd5d401e000-7fd5d403a000 r--s 00393000 08:07 402374                     /usr/lib/jvm/java-8-openjdk-amd64/jre/lib/ext/cldrdata.jar
7fd5d403a000-7fd5d403d000 ---p 00000000 00:00 0 
7fd5d403d000-7fd5d413b000 rw-p 00000000 00:00 0 
7fd5d413b000-7fd5d413e000 ---p 00000000 00:00 0 
7fd5d413e000-7fd5d423c000 rw-p 00000000 00:00 0 
7fd5d423c000-7fd5d423d000 ---p 00000000 00:00 0 
7fd5d423d000-7fd5d52f1000 rw-p 00000000 00:00 0 
7fd5d52f1000-7fd5d54be000 r--s 03be7000 08:07 2623081                    /usr/lib/jvm/java-8-openjdk-amd64/jre/lib/rt.jar
7fd5d54be000-7fd5d5b7e000 rw-p 00000000 00:00 0 
7fd5d5b7e000-7fd5d5cbe000 ---p 00000000 00:00 0 
7fd5d5cbe000-7fd5d7ebe000 rw-p 00000000 00:00 0 
7fd5d7ebe000-7fd5d7ebf000 ---p 00000000 00:00 0 
7fd5d7ebf000-7fd5d7fbf000 rw-p 00000000 00:00 0 
7fd5d7fbf000-7fd5d7fc0000 ---p 00000000 00:00 0 
7fd5d7fc0000-7fd5d80c0000 rw-p 00000000 00:00 0 
7fd5d80c0000-7fd5d80c1000 ---p 00000000 00:00 0 
7fd5d80c1000-7fd5d81c1000 rw-p 00000000 00:00 0 
7fd5d81c1000-7fd5d81c2000 ---p 00000000 00:00 0 
7fd5d81c2000-7fd5d82d7000 rw-p 00000000 00:00 0 
7fd5d82d7000-7fd5d8418000 ---p 00000000 00:00 0 
7fd5d8418000-7fd5d842d000 rw-p 00000000 00:00 0 
7fd5d842d000-7fd5d856d000 ---p 00000000 00:00 0 
7fd5d856d000-7fd5d85ba000 rw-p 00000000 00:00 0 
7fd5d85ba000-7fd5d8618000 ---p 00000000 00:00 0 
7fd5d8618000-7fd5d8638000 rw-p 00000000 00:00 0 
7fd5d8638000-7fd5d89d9000 ---p 00000000 00:00 0 
7fd5d89d9000-7fd5d9189000 rwxp 00000000 00:00 0 
7fd5d9189000-7fd5e79d9000 ---p 00000000 00:00 0 
7fd5e79d9000-7fd5e79e1000 r-xp 00000000 08:07 2888372                    /usr/lib/jvm/java-8-openjdk-amd64/jre/lib/amd64/libzip.so
7fd5e79e1000-7fd5e7be0000 ---p 00008000 08:07 2888372                    /usr/lib/jvm/java-8-openjdk-amd64/jre/lib/amd64/libzip.so
7fd5e7be0000-7fd5e7be1000 r--p 00007000 08:07 2888372                    /usr/lib/jvm/java-8-openjdk-amd64/jre/lib/amd64/libzip.so
7fd5e7be1000-7fd5e7be2000 rw-p 00008000 08:07 2888372                    /usr/lib/jvm/java-8-openjdk-amd64/jre/lib/amd64/libzip.so
7fd5e7be2000-7fd5e7bed000 r-xp 00000000 08:07 1727265                    /lib/x86_64-linux-gnu/libnss_files-2.23.so
7fd5e7bed000-7fd5e7dec000 ---p 0000b000 08:07 1727265                    /lib/x86_64-linux-gnu/libnss_files-2.23.so
7fd5e7dec000-7fd5e7ded000 r--p 0000a000 08:07 1727265                    /lib/x86_64-linux-gnu/libnss_files-2.23.so
7fd5e7ded000-7fd5e7dee000 rw-p 0000b000 08:07 1727265                    /lib/x86_64-linux-gnu/libnss_files-2.23.so
7fd5e7dee000-7fd5e7df4000 rw-p 00000000 00:00 0 
7fd5e7df4000-7fd5e7dff000 r-xp 00000000 08:07 1727262                    /lib/x86_64-linux-gnu/libnss_nis-2.23.so
7fd5e7dff000-7fd5e7ffe000 ---p 0000b000 08:07 1727262                    /lib/x86_64-linux-gnu/libnss_nis-2.23.so
7fd5e7ffe000-7fd5e7fff000 r--p 0000a000 08:07 1727262                    /lib/x86_64-linux-gnu/libnss_nis-2.23.so
7fd5e7fff000-7fd5e8000000 rw-p 0000b000 08:07 1727262                    /lib/x86_64-linux-gnu/libnss_nis-2.23.so
7fd5e8000000-7fd5e81d8000 rw-p 00000000 00:00 0 
7fd5e81d8000-7fd5ec000000 ---p 00000000 00:00 0 
7fd5ec000000-7fd5ec00a000 r--s 00116000 08:07 402376                     /usr/lib/jvm/java-8-openjdk-amd64/jre/lib/ext/localedata.jar
7fd5ec00a000-7fd5ec080000 rw-p 00000000 00:00 0 
7fd5ec080000-7fd5ec096000 r-xp 00000000 08:07 1727260                    /lib/x86_64-linux-gnu/libnsl-2.23.so
7fd5ec096000-7fd5ec295000 ---p 00016000 08:07 1727260                    /lib/x86_64-linux-gnu/libnsl-2.23.so
7fd5ec295000-7fd5ec296000 r--p 00015000 08:07 1727260                    /lib/x86_64-linux-gnu/libnsl-2.23.so
7fd5ec296000-7fd5ec297000 rw-p 00016000 08:07 1727260                    /lib/x86_64-linux-gnu/libnsl-2.23.so
7fd5ec297000-7fd5ec299000 rw-p 00000000 00:00 0 
7fd5ec299000-7fd5ec2a1000 r-xp 00000000 08:07 1727258                    /lib/x86_64-linux-gnu/libnss_compat-2.23.so
7fd5ec2a1000-7fd5ec4a0000 ---p 00008000 08:07 1727258                    /lib/x86_64-linux-gnu/libnss_compat-2.23.so
7fd5ec4a0000-7fd5ec4a1000 r--p 00007000 08:07 1727258                    /lib/x86_64-linux-gnu/libnss_compat-2.23.so
7fd5ec4a1000-7fd5ec4a2000 rw-p 00008000 08:07 1727258                    /lib/x86_64-linux-gnu/libnss_compat-2.23.so
7fd5ec4a2000-7fd5ec4cf000 r-xp 00000000 08:07 2888360                    /usr/lib/jvm/java-8-openjdk-amd64/jre/lib/amd64/libjava.so
7fd5ec4cf000-7fd5ec6ce000 ---p 0002d000 08:07 2888360                    /usr/lib/jvm/java-8-openjdk-amd64/jre/lib/amd64/libjava.so
7fd5ec6ce000-7fd5ec6cf000 r--p 0002c000 08:07 2888360                    /usr/lib/jvm/java-8-openjdk-amd64/jre/lib/amd64/libjava.so
7fd5ec6cf000-7fd5ec6d1000 rw-p 0002d000 08:07 2888360                    /usr/lib/jvm/java-8-openjdk-amd64/jre/lib/amd64/libjava.so
7fd5ec6d1000-7fd5ec6e0000 r-xp 00000000 08:07 2888352                    /usr/lib/jvm/java-8-openjdk-amd64/jre/lib/amd64/libverify.so
7fd5ec6e0000-7fd5ec8df000 ---p 0000f000 08:07 2888352                    /usr/lib/jvm/java-8-openjdk-amd64/jre/lib/amd64/libverify.so
7fd5ec8df000-7fd5ec8e1000 r--p 0000e000 08:07 2888352                    /usr/lib/jvm/java-8-openjdk-amd64/jre/lib/amd64/libverify.so
7fd5ec8e1000-7fd5ec8e2000 rw-p 00010000 08:07 2888352                    /usr/lib/jvm/java-8-openjdk-amd64/jre/lib/amd64/libverify.so
7fd5ec8e2000-7fd5ec8e9000 r-xp 00000000 08:07 1727274                    /lib/x86_64-linux-gnu/librt-2.23.so
7fd5ec8e9000-7fd5ecae8000 ---p 00007000 08:07 1727274                    /lib/x86_64-linux-gnu/librt-2.23.so
7fd5ecae8000-7fd5ecae9000 r--p 00006000 08:07 1727274                    /lib/x86_64-linux-gnu/librt-2.23.so
7fd5ecae9000-7fd5ecaea000 rw-p 00007000 08:07 1727274                    /lib/x86_64-linux-gnu/librt-2.23.so
7fd5ecaea000-7fd5ecb00000 r-xp 00000000 08:07 1708930                    /lib/x86_64-linux-gnu/libgcc_s.so.1
7fd5ecb00000-7fd5eccff000 ---p 00016000 08:07 1708930                    /lib/x86_64-linux-gnu/libgcc_s.so.1
7fd5eccff000-7fd5ecd00000 rw-p 00015000 08:07 1708930                    /lib/x86_64-linux-gnu/libgcc_s.so.1
7fd5ecd00000-7fd5ece08000 r-xp 00000000 08:07 1727271                    /lib/x86_64-linux-gnu/libm-2.23.so
7fd5ece08000-7fd5ed007000 ---p 00108000 08:07 1727271                    /lib/x86_64-linux-gnu/libm-2.23.so
7fd5ed007000-7fd5ed008000 r--p 00107000 08:07 1727271                    /lib/x86_64-linux-gnu/libm-2.23.so
7fd5ed008000-7fd5ed009000 rw-p 00108000 08:07 1727271                    /lib/x86_64-linux-gnu/libm-2.23.so
7fd5ed009000-7fd5ed17b000 r-xp 00000000 08:07 1050856                    /usr/lib/x86_64-linux-gnu/libstdc++.so.6.0.21
7fd5ed17b000-7fd5ed37b000 ---p 00172000 08:07 1050856                    /usr/lib/x86_64-linux-gnu/libstdc++.so.6.0.21
7fd5ed37b000-7fd5ed385000 r--p 00172000 08:07 1050856                    /usr/lib/x86_64-linux-gnu/libstdc++.so.6.0.21
7fd5ed385000-7fd5ed387000 rw-p 0017c000 08:07 1050856                    /usr/lib/x86_64-linux-gnu/libstdc++.so.6.0.21
7fd5ed387000-7fd5ed38b000 rw-p 00000000 00:00 0 
7fd5ed38b000-7fd5edfd1000 r-xp 00000000 08:07 3025040                    /usr/lib/jvm/java-8-openjdk-amd64/jre/lib/amd64/server/libjvm.so
7fd5edfd1000-7fd5ee1d0000 ---p 00c46000 08:07 3025040                    /usr/lib/jvm/java-8-openjdk-amd64/jre/lib/amd64/server/libjvm.so
7fd5ee1d0000-7fd5ee263000 r--p 00c45000 08:07 3025040                    /usr/lib/jvm/java-8-openjdk-amd64/jre/lib/amd64/server/libjvm.so
7fd5ee263000-7fd5ee28b000 rw-p 00cd8000 08:07 3025040                    /usr/lib/jvm/java-8-openjdk-amd64/jre/lib/amd64/server/libjvm.so
7fd5ee28b000-7fd5ee2bb000 rw-p 00000000 00:00 0 
7fd5ee2bb000-7fd5ee2d3000 r-xp 00000000 08:07 1727278                    /lib/x86_64-linux-gnu/libpthread-2.23.so
7fd5ee2d3000-7fd5ee4d2000 ---p 00018000 08:07 1727278                    /lib/x86_64-linux-gnu/libpthread-2.23.so
7fd5ee4d2000-7fd5ee4d3000 r--p 00017000 08:07 1727278                    /lib/x86_64-linux-gnu/libpthread-2.23.so
7fd5ee4d3000-7fd5ee4d4000 rw-p 00018000 08:07 1727278                    /lib/x86_64-linux-gnu/libpthread-2.23.so
7fd5ee4d4000-7fd5ee4d8000 rw-p 00000000 00:00 0 
7fd5ee4d8000-7fd5ee4db000 r-xp 00000000 08:07 1727280                    /lib/x86_64-linux-gnu/libdl-2.23.so
7fd5ee4db000-7fd5ee6da000 ---p 00003000 08:07 1727280                    /lib/x86_64-linux-gnu/libdl-2.23.so
7fd5ee6da000-7fd5ee6db000 r--p 00002000 08:07 1727280                    /lib/x86_64-linux-gnu/libdl-2.23.so
7fd5ee6db000-7fd5ee6dc000 rw-p 00003000 08:07 1727280                    /lib/x86_64-linux-gnu/libdl-2.23.so
7fd5ee6dc000-7fd5ee6f5000 r-xp 00000000 08:07 1708916                    /lib/x86_64-linux-gnu/libz.so.1.2.8
7fd5ee6f5000-7fd5ee8f4000 ---p 00019000 08:07 1708916                    /lib/x86_64-linux-gnu/libz.so.1.2.8
7fd5ee8f4000-7fd5ee8f5000 r--p 00018000 08:07 1708916                    /lib/x86_64-linux-gnu/libz.so.1.2.8
7fd5ee8f5000-7fd5ee8f6000 rw-p 00019000 08:07 1708916                    /lib/x86_64-linux-gnu/libz.so.1.2.8
7fd5ee8f6000-7fd5eeab6000 r-xp 00000000 08:07 1727279                    /lib/x86_64-linux-gnu/libc-2.23.so
7fd5eeab6000-7fd5eecb5000 ---p 001c0000 08:07 1727279                    /lib/x86_64-linux-gnu/libc-2.23.so
7fd5eecb5000-7fd5eecb9000 r--p 001bf000 08:07 1727279                    /lib/x86_64-linux-gnu/libc-2.23.so
7fd5eecb9000-7fd5eecbb000 rw-p 001c3000 08:07 1727279                    /lib/x86_64-linux-gnu/libc-2.23.so
7fd5eecbb000-7fd5eecbf000 rw-p 00000000 00:00 0 
7fd5eecbf000-7fd5eeccc000 r-xp 00000000 08:07 402362                     /usr/lib/jvm/java-8-openjdk-amd64/jre/lib/amd64/jli/libjli.so
7fd5eeccc000-7fd5eeecc000 ---p 0000d000 08:07 402362                     /usr/lib/jvm/java-8-openjdk-amd64/jre/lib/amd64/jli/libjli.so
7fd5eeecc000-7fd5eeecd000 r--p 0000d000 08:07 402362                     /usr/lib/jvm/java-8-openjdk-amd64/jre/lib/amd64/jli/libjli.so
7fd5eeecd000-7fd5eeece000 rw-p 0000e000 08:07 402362                     /usr/lib/jvm/java-8-openjdk-amd64/jre/lib/amd64/jli/libjli.so
7fd5eeece000-7fd5eeef4000 r-xp 00000000 08:07 1727275                    /lib/x86_64-linux-gnu/ld-2.23.so
7fd5eeef5000-7fd5eeef6000 r--s 0000a000 08:07 402372                     /usr/lib/jvm/java-8-openjdk-amd64/jre/lib/ext/jaccess.jar
7fd5eeef6000-7fd5eeef8000 r--s 00001000 08:07 402377                     /usr/lib/jvm/java-8-openjdk-amd64/jre/lib/ext/dnsns.jar
7fd5eeef8000-7fd5eeef9000 r--s 00008000 08:07 402375                     /usr/lib/jvm/java-8-openjdk-amd64/jre/lib/ext/sunec.jar
7fd5eeef9000-7fd5eeefc000 r--s 0000f000 08:07 402370                     /usr/lib/jvm/java-8-openjdk-amd64/jre/lib/ext/icedtea-sound.jar
7fd5eeefc000-7fd5eefcc000 rw-p 00000000 00:00 0 
7fd5eefcc000-7fd5eefcf000 ---p 00000000 00:00 0 
7fd5eefcf000-7fd5ef0d2000 rw-p 00000000 00:00 0 
7fd5ef0d2000-7fd5ef0d3000 r--s 00010000 08:07 402371                     /usr/lib/jvm/java-8-openjdk-amd64/jre/lib/ext/zipfs.jar
7fd5ef0d3000-7fd5ef0e7000 rw-p 00000000 00:00 0 
7fd5ef0e7000-7fd5ef0ef000 rw-s 00000000 08:07 3026823                    /tmp/hsperfdata_gianni/5720
7fd5ef0ef000-7fd5ef0f0000 rw-p 00000000 00:00 0 
7fd5ef0f0000-7fd5ef0f1000 ---p 00000000 00:00 0 
7fd5ef0f1000-7fd5ef0f3000 rw-p 00000000 00:00 0 
7fd5ef0f3000-7fd5ef0f4000 r--p 00025000 08:07 1727275                    /lib/x86_64-linux-gnu/ld-2.23.so
7fd5ef0f4000-7fd5ef0f5000 rw-p 00026000 08:07 1727275                    /lib/x86_64-linux-gnu/ld-2.23.so
7fd5ef0f5000-7fd5ef0f6000 rw-p 00000000 00:00 0 
7ffeb049e000-7ffeb04bf000 rw-p 00000000 00:00 0                          [stack]
7ffeb05f4000-7ffeb05f6000 r--p 00000000 00:00 0                          [vvar]
7ffeb05f6000-7ffeb05f8000 r-xp 00000000 00:00 0                          [vdso]
ffffffffff600000-ffffffffff601000 r-xp 00000000 00:00 0                  [vsyscall]

VM Arguments:
jvm_args: -Djava.awt.headless=true -Xmx1024M -Dfile.encoding=UTF-8 -Duser.country=IT -Duser.language=it -Duser.variant 
java_command: com.android.dx.command.Main --dex --force-jumbo --num-threads=4 --output /home/gianni/AndroidStudioProjects/MyApplication/app/build/intermediates/pre-dexed/debug/com.android.support-appcompat-v7-23.4.0_43c5113a4c73efab638713ff5bedf1fefcfc9d82.jar /home/gianni/AndroidStudioProjects/MyApplication/app/build/intermediates/exploded-aar/com.android.support/appcompat-v7/23.4.0/jars/classes.jar
java_class_path (initial): /home/gianni/Android/Sdk/build-tools/23.0.3/lib/dx.jar
Launcher Type: SUN_STANDARD

Environment Variables:
JAVA_HOME=/usr/lib/jvm/java-1.8.0-openjdk-amd64
PATH=/usr/local/sbin:/usr/local/bin:/usr/sbin:/usr/bin:/sbin:/bin:/usr/games:/usr/local/games:/snap/bin
SHELL=/bin/bash
DISPLAY=:0

Signal Handlers:
SIGSEGV: [libjvm.so+0xa5e090], sa_mask[0]=11111111011111111101111111111110, sa_flags=SA_RESTART|SA_SIGINFO
SIGBUS: [libjvm.so+0xa5e090], sa_mask[0]=11111111011111111101111111111110, sa_flags=SA_RESTART|SA_SIGINFO
SIGFPE: [libjvm.so+0x8a9800], sa_mask[0]=11111111011111111101111111111110, sa_flags=SA_RESTART|SA_SIGINFO
SIGPIPE: [libjvm.so+0x8a9800], sa_mask[0]=11111111011111111101111111111110, sa_flags=SA_RESTART|SA_SIGINFO
SIGXFSZ: [libjvm.so+0x8a9800], sa_mask[0]=11111111011111111101111111111110, sa_flags=SA_RESTART|SA_SIGINFO
SIGILL: [libjvm.so+0x8a9800], sa_mask[0]=11111111011111111101111111111110, sa_flags=SA_RESTART|SA_SIGINFO
SIGUSR1: SIG_DFL, sa_mask[0]=00000000000000000000000000000000, sa_flags=none
SIGUSR2: [libjvm.so+0x8a96b0], sa_mask[0]=00100000000000000000000000000000, sa_flags=SA_RESTART|SA_SIGINFO
SIGHUP: [libjvm.so+0x8a9b80], sa_mask[0]=11111111011111111101111111111110, sa_flags=SA_RESTART|SA_SIGINFO
SIGINT: [libjvm.so+0x8a9b80], sa_mask[0]=11111111011111111101111111111110, sa_flags=SA_RESTART|SA_SIGINFO
SIGTERM: [libjvm.so+0x8a9b80], sa_mask[0]=11111111011111111101111111111110, sa_flags=SA_RESTART|SA_SIGINFO
SIGQUIT: [libjvm.so+0x8a9b80], sa_mask[0]=11111111011111111101111111111110, sa_flags=SA_RESTART|SA_SIGINFO


---------------  S Y S T E M  ---------------

OS:DISTRIB_ID=Ubuntu
DISTRIB_RELEASE=16.04
DISTRIB_CODENAME=xenial
DISTRIB_DESCRIPTION="Ubuntu 16.04 LTS"

uname:Linux 4.4.0-28-generic #47-Ubuntu SMP Fri Jun 24 10:09:13 UTC 2016 x86_64
libc:glibc 2.23 NPTL 2.23 
rlimit: STACK 8192k, CORE 0k, NPROC 14998, NOFILE 65536, AS infinity
load average:8,90 3,25 1,38

/proc/meminfo:
MemTotal:        3936056 kB
MemFree:          149000 kB
MemAvailable:      72264 kB
Buffers:            2204 kB
Cached:           201704 kB
SwapCached:            0 kB
Active:          3430340 kB
Inactive:         160868 kB
Active(anon):    3403160 kB
Inactive(anon):   139544 kB
Active(file):      27180 kB
Inactive(file):    21324 kB
Unevictable:         136 kB
Mlocked:             136 kB
SwapTotal:             0 kB
SwapFree:              0 kB
Dirty:              3988 kB
Writeback:             0 kB
AnonPages:       3388016 kB
Mapped:            70460 kB
Shmem:            155032 kB
Slab:              82316 kB
SReclaimable:      42748 kB
SUnreclaim:        39568 kB
KernelStack:       12944 kB
PageTables:        40776 kB
NFS_Unstable:          0 kB
Bounce:                0 kB
WritebackTmp:          0 kB
CommitLimit:     1968028 kB
Committed_AS:    8516512 kB
VmallocTotal:   34359738367 kB
VmallocUsed:           0 kB
VmallocChunk:          0 kB
HardwareCorrupted:     0 kB
AnonHugePages:   1634304 kB
CmaTotal:              0 kB
CmaFree:               0 kB
HugePages_Total:       0
HugePages_Free:        0
HugePages_Rsvd:        0
HugePages_Surp:        0
Hugepagesize:       2048 kB
DirectMap4k:      154364 kB
DirectMap2M:     3930112 kB


CPU:total 4 (2 cores per cpu, 2 threads per core) family 6 model 58 stepping 9, cmov, cx8, fxsr, mmx, sse, sse2, sse3, ssse3, sse4.1, sse4.2, popcnt, avx, clmul, erms, ht, tsc, tscinvbit, tscinv

/proc/cpuinfo:
processor	: 0
vendor_id	: GenuineIntel
cpu family	: 6
model		: 58
model name	: Intel(R) Core(TM) i3-3110M CPU @ 2.40GHz
stepping	: 9
microcode	: 0x17
cpu MHz		: 2400.000
cache size	: 3072 KB
physical id	: 0
siblings	: 4
core id		: 0
cpu cores	: 2
apicid		: 0
initial apicid	: 0
fpu		: yes
fpu_exception	: yes
cpuid level	: 13
wp		: yes
flags		: fpu vme de pse tsc msr pae mce cx8 apic sep mtrr pge mca cmov pat pse36 clflush dts acpi mmx fxsr sse sse2 ss ht tm pbe syscall nx rdtscp lm constant_tsc arch_perfmon pebs bts rep_good nopl xtopology nonstop_tsc aperfmperf eagerfpu pni pclmulqdq dtes64 monitor ds_cpl vmx est tm2 ssse3 cx16 xtpr pdcm pcid sse4_1 sse4_2 x2apic popcnt tsc_deadline_timer xsave avx f16c lahf_lm epb tpr_shadow vnmi flexpriority ept vpid fsgsbase smep erms xsaveopt dtherm arat pln pts
bugs		:
bogomips	: 4788.77
clflush size	: 64
cache_alignment	: 64
address sizes	: 36 bits physical, 48 bits virtual
power management:

processor	: 1
vendor_id	: GenuineIntel
cpu family	: 6
model		: 58
model name	: Intel(R) Core(TM) i3-3110M CPU @ 2.40GHz
stepping	: 9
microcode	: 0x17
cpu MHz		: 2400.000
cache size	: 3072 KB
physical id	: 0
siblings	: 4
core id		: 0
cpu cores	: 2
apicid		: 1
initial apicid	: 1
fpu		: yes
fpu_exception	: yes
cpuid level	: 13
wp		: yes
flags		: fpu vme de pse tsc msr pae mce cx8 apic sep mtrr pge mca cmov pat pse36 clflush dts acpi mmx fxsr sse sse2 ss ht tm pbe syscall nx rdtscp lm constant_tsc arch_perfmon pebs bts rep_good nopl xtopology nonstop_tsc aperfmperf eagerfpu pni pclmulqdq dtes64 monitor ds_cpl vmx est tm2 ssse3 cx16 xtpr pdcm pcid sse4_1 sse4_2 x2apic popcnt tsc_deadline_timer xsave avx f16c lahf_lm epb tpr_shadow vnmi flexpriority ept vpid fsgsbase smep erms xsaveopt dtherm arat pln pts
bugs		:
bogomips	: 4788.77
clflush size	: 64
cache_alignment	: 64
address sizes	: 36 bits physical, 48 bits virtual
power management:

processor	: 2
vendor_id	: GenuineIntel
cpu family	: 6
model		: 58
model name	: Intel(R) Core(TM) i3-3110M CPU @ 2.40GHz
stepping	: 9
microcode	: 0x17
cpu MHz		: 2400.000
cache size	: 3072 KB
physical id	: 0
siblings	: 4
core id		: 1
cpu cores	: 2
apicid		: 2
initial apicid	: 2
fpu		: yes
fpu_exception	: yes
cpuid level	: 13
wp		: yes
flags		: fpu vme de pse tsc msr pae mce cx8 apic sep mtrr pge mca cmov pat pse36 clflush dts acpi mmx fxsr sse sse2 ss ht tm pbe syscall nx rdtscp lm constant_tsc arch_perfmon pebs bts rep_good nopl xtopology nonstop_tsc aperfmperf eagerfpu pni pclmulqdq dtes64 monitor ds_cpl vmx est tm2 ssse3 cx16 xtpr pdcm pcid sse4_1 sse4_2 x2apic popcnt tsc_deadline_timer xsave avx f16c lahf_lm epb tpr_shadow vnmi flexpriority ept vpid fsgsbase smep erms xsaveopt dtherm arat pln pts
bugs		:
bogomips	: 4788.77
clflush size	: 64
cache_alignment	: 64
address sizes	: 36 bits physical, 48 bits virtual
power management:

processor	: 3
vendor_id	: GenuineIntel
cpu family	: 6
model		: 58
model name	: Intel(R) Core(TM) i3-3110M CPU @ 2.40GHz
stepping	: 9
microcode	: 0x17
cpu MHz		: 2400.000
cache size	: 3072 KB
physical id	: 0
siblings	: 4
core id		: 1
cpu cores	: 2
apicid		: 3
initial apicid	: 3
fpu		: yes
fpu_exception	: yes
cpuid level	: 13
wp		: yes
flags		: fpu vme de pse tsc msr pae mce cx8 apic sep mtrr pge mca cmov pat pse36 clflush dts acpi mmx fxsr sse sse2 ss ht tm pbe syscall nx rdtscp lm constant_tsc arch_perfmon pebs bts rep_good nopl xtopology nonstop_tsc aperfmperf eagerfpu pni pclmulqdq dtes64 monitor ds_cpl vmx est tm2 ssse3 cx16 xtpr pdcm pcid sse4_1 sse4_2 x2apic popcnt tsc_deadline_timer xsave avx f16c lahf_lm epb tpr_shadow vnmi flexpriority ept vpid fsgsbase smep erms xsaveopt dtherm arat pln pts
bugs		:
bogomips	: 4788.77
clflush size	: 64
cache_alignment	: 64
address sizes	: 36 bits physical, 48 bits virtual
power management:



Memory: 4k page, physical 3936056k(149000k free), swap 0k(0k free)

vm_info: OpenJDK 64-Bit Server VM (25.91-b14) for linux-amd64 JRE (1.8.0_91-8u91-b14-0ubuntu4~16.04.1-b14), built on Apr 23 2016 07:03:54 by "buildd" with gcc 5.3.1 20160413

time: Thu Jul 28 18:19:36 2016
elapsed time: 11 seconds (0d 0h 0m 11s)

