#
# There is insufficient memory for the Java Runtime Environment to continue.
# Native memory allocation (mmap) failed to map 73400320 bytes for committing reserved memory.
# Possible reasons:
#   The system is out of physical RAM or swap space
#   In 32 bit mode, the process size limit was hit
# Possible solutions:
#   Reduce memory load on the system
#   Increase physical memory or swap space
#   Check if swap backing store is full
#   Use 64 bit Java on a 64 bit OS
#   Decrease Java heap size (-Xmx/-Xms)
#   Decrease number of Java threads
#   Decrease Java thread stack sizes (-Xss)
#   Set larger code cache with -XX:ReservedCodeCacheSize=
# This output file may be truncated or incomplete.
#
#  Out of Memory Error (os_linux.cpp:2630), pid=7620, tid=140548456113920
#
# JRE version: OpenJDK Runtime Environment (8.0_91-b14) (build 1.8.0_91-8u91-b14-0ubuntu4~16.04.1-b14)
# Java VM: OpenJDK 64-Bit Server VM (25.91-b14 mixed mode linux-amd64 compressed oops)
# Failed to write core dump. Core dumps have been disabled. To enable core dumping, try "ulimit -c unlimited" before starting Java again
#

---------------  T H R E A D  ---------------

Current thread (0x00007fd410077800):  VMThread [stack: 0x00007fd3fcbce000,0x00007fd3fcccf000] [id=7631]

Stack: [0x00007fd3fcbce000,0x00007fd3fcccf000],  sp=0x00007fd3fcccd4c0,  free space=1021k
Native frames: (J=compiled Java code, j=interpreted, Vv=VM code, C=native code)
V  [libjvm.so+0xa5d53b]
V  [libjvm.so+0x4c172c]
V  [libjvm.so+0x8ae1e0]
V  [libjvm.so+0x8a865e]
V  [libjvm.so+0x922756]
V  [libjvm.so+0x923a83]
V  [libjvm.so+0x920133]
V  [libjvm.so+0x9203fc]
V  [libjvm.so+0x8d2a73]
V  [libjvm.so+0xa5f1f2]
V  [libjvm.so+0xa64277]
V  [libjvm.so+0xa61a47]
V  [libjvm.so+0xa62ecf]
V  [libjvm.so+0xa633c1]
V  [libjvm.so+0x8ab6c2]

VM_Operation (0x00007fd417a51670): ParallelGCFailedAllocation, mode: safepoint, requested by thread 0x00007fd41000a000


---------------  P R O C E S S  ---------------

Java Threads: ( => current thread )
  0x00007fd410185000 JavaThread "pool-2-thread-4" [_thread_blocked, id=7683, stack(0x00007fd3c7afb000,0x00007fd3c7bfc000)]
  0x00007fd410183800 JavaThread "pool-2-thread-3" [_thread_blocked, id=7682, stack(0x00007fd3c7bfc000,0x00007fd3c7cfd000)]
  0x00007fd410182800 JavaThread "pool-2-thread-2" [_thread_blocked, id=7681, stack(0x00007fd3c7cfd000,0x00007fd3c7dfe000)]
  0x00007fd41017f800 JavaThread "pool-3-thread-1" [_thread_blocked, id=7680, stack(0x00007fd3c7dfe000,0x00007fd3c7eff000)]
  0x00007fd41017d800 JavaThread "pool-2-thread-1" [_thread_blocked, id=7679, stack(0x00007fd3c7eff000,0x00007fd3c8000000)]
  0x00007fd4100b9800 JavaThread "Service Thread" daemon [_thread_blocked, id=7639, stack(0x00007fd3fc1ed000,0x00007fd3fc2ee000)]
  0x00007fd4100b2000 JavaThread "C1 CompilerThread2" daemon [_thread_blocked, id=7638, stack(0x00007fd3fc2ee000,0x00007fd3fc3ef000)]
  0x00007fd4100b0000 JavaThread "C2 CompilerThread1" daemon [_thread_blocked, id=7637, stack(0x00007fd3fc3ef000,0x00007fd3fc4f0000)]
  0x00007fd4100ad800 JavaThread "C2 CompilerThread0" daemon [_thread_blocked, id=7636, stack(0x00007fd3fc4f0000,0x00007fd3fc5f1000)]
  0x00007fd4100ab000 JavaThread "Signal Dispatcher" daemon [_thread_blocked, id=7635, stack(0x00007fd3fc5f1000,0x00007fd3fc6f2000)]
  0x00007fd410083800 JavaThread "Finalizer" daemon [_thread_blocked, id=7633, stack(0x00007fd3fc9cc000,0x00007fd3fcacd000)]
  0x00007fd41007f000 JavaThread "Reference Handler" daemon [_thread_blocked, id=7632, stack(0x00007fd3fcacd000,0x00007fd3fcbce000)]
  0x00007fd41000a000 JavaThread "main" [_thread_blocked, id=7622, stack(0x00007fd417953000,0x00007fd417a54000)]

Other Threads:
=>0x00007fd410077800 VMThread [stack: 0x00007fd3fcbce000,0x00007fd3fcccf000] [id=7631]
  0x00007fd4100bb800 WatcherThread [stack: 0x00007fd3fc0ec000,0x00007fd3fc1ed000] [id=7640]

VM state:at safepoint (normal execution)

VM Mutex/Monitor currently owned by a thread:  ([mutex/lock_event])
[0x00007fd4100067f0] Threads_lock - owner thread: 0x00007fd410077800
[0x00007fd410006cf0] Heap_lock - owner thread: 0x00007fd41000a000

Heap:
 PSYoungGen      total 72704K, used 10225K [0x00000000eab00000, 0x00000000efd00000, 0x0000000100000000)
  eden space 62464K, 0% used [0x00000000eab00000,0x00000000eab00000,0x00000000ee800000)
  from space 10240K, 99% used [0x00000000ee800000,0x00000000ef1fc558,0x00000000ef200000)
  to   space 9216K, 0% used [0x00000000ef200000,0x00000000ef200000,0x00000000efb00000)
 ParOldGen       total 42496K, used 18855K [0x00000000c0000000, 0x00000000c2980000, 0x00000000eab00000)
  object space 42496K, 44% used [0x00000000c0000000,0x00000000c1269d18,0x00000000c2980000)
 Metaspace       used 5880K, capacity 6960K, committed 7040K, reserved 1056768K
  class space    used 569K, capacity 616K, committed 640K, reserved 1048576K

Card table byte_map: [0x00007fd400dff000,0x00007fd401000000] byte_map_base: 0x00007fd4007ff000

Marking Bits: (ParMarkBitMap*) 0x00007fd416c27fc0
 Begin Bits: [0x00007fd3fe8a5000, 0x00007fd3ff8a5000)
 End Bits:   [0x00007fd3ff8a5000, 0x00007fd4008a5000)

Polling page: 0x00007fd417a79000

CodeCache: size=245760Kb used=5086Kb max_used=5086Kb free=240674Kb
 bounds [0x00007fd401000000, 0x00007fd401500000, 0x00007fd410000000]
 total_blobs=1588 nmethods=1321 adapters=182
 compilation: enabled

Compilation events (10 events):
Event: 5,490 Thread 0x00007fd4100b2000 nmethod 1617 0x00007fd4014d5f90 code [0x00007fd4014d6220, 0x00007fd4014d72e8]
Event: 5,490 Thread 0x00007fd4100b2000 1571 %     3       com.android.dx.ssa.DomFront::calcDomFronts @ 67 (154 bytes)
Event: 5,492 Thread 0x00007fd4100b2000 nmethod 1571% 0x00007fd4014f7850 code [0x00007fd4014f7ae0, 0x00007fd4014f8a28]
Event: 5,492 Thread 0x00007fd4100b2000 1569 %     3       com.android.dx.ssa.LocalVariableExtractor::doit @ 18 (59 bytes)
Event: 5,493 Thread 0x00007fd4100b2000 nmethod 1569% 0x00007fd4014b4dd0 code [0x00007fd4014b4f80, 0x00007fd4014b5508]
Event: 5,493 Thread 0x00007fd4100b2000 1613       3       com.android.dx.ssa.DomFront::buildDomTree (72 bytes)
Event: 5,494 Thread 0x00007fd4100b2000 nmethod 1613 0x00007fd4014f95d0 code [0x00007fd4014f9840, 0x00007fd4014fa6a8]
Event: 5,494 Thread 0x00007fd4100b2000 1585 %     3       com.android.dx.ssa.SsaMethod::makeExitBlock @ 69 (134 bytes)
Event: 5,496 Thread 0x00007fd4100b2000 nmethod 1585% 0x00007fd4014fb150 code [0x00007fd4014fb3e0, 0x00007fd4014fc358]
Event: 5,496 Thread 0x00007fd4100b2000 1603 %     3       com.android.dx.ssa.back.SsaToRop::convertBasicBlocks @ 69 (151 bytes)

GC Heap History (10 events):
Event: 1,774 GC heap after
Heap after GC invocations=2 (full 0):
 PSYoungGen      total 18432K, used 2554K [0x00000000eab00000, 0x00000000ecf00000, 0x0000000100000000)
  eden space 15872K, 0% used [0x00000000eab00000,0x00000000eab00000,0x00000000eba80000)
  from space 2560K, 99% used [0x00000000ebd00000,0x00000000ebf7eaf8,0x00000000ebf80000)
  to   space 2560K, 0% used [0x00000000eba80000,0x00000000eba80000,0x00000000ebd00000)
 ParOldGen       total 42496K, used 2097K [0x00000000c0000000, 0x00000000c2980000, 0x00000000eab00000)
  object space 42496K, 4% used [0x00000000c0000000,0x00000000c020c538,0x00000000c2980000)
 Metaspace       used 5616K, capacity 6704K, committed 6784K, reserved 1056768K
  class space    used 566K, capacity 616K, committed 640K, reserved 1048576K
}
Event: 2,545 GC heap before
{Heap before GC invocations=3 (full 0):
 PSYoungGen      total 18432K, used 18426K [0x00000000eab00000, 0x00000000ecf00000, 0x0000000100000000)
  eden space 15872K, 100% used [0x00000000eab00000,0x00000000eba80000,0x00000000eba80000)
  from space 2560K, 99% used [0x00000000ebd00000,0x00000000ebf7eaf8,0x00000000ebf80000)
  to   space 2560K, 0% used [0x00000000eba80000,0x00000000eba80000,0x00000000ebd00000)
 ParOldGen       total 42496K, used 2097K [0x00000000c0000000, 0x00000000c2980000, 0x00000000eab00000)
  object space 42496K, 4% used [0x00000000c0000000,0x00000000c020c538,0x00000000c2980000)
 Metaspace       used 5720K, capacity 6768K, committed 7040K, reserved 1056768K
  class space    used 568K, capacity 616K, committed 640K, reserved 1048576K
Event: 2,602 GC heap after
Heap after GC invocations=3 (full 0):
 PSYoungGen      total 18432K, used 2529K [0x00000000eab00000, 0x00000000ecf00000, 0x0000000100000000)
  eden space 15872K, 0% used [0x00000000eab00000,0x00000000eab00000,0x00000000eba80000)
  from space 2560K, 98% used [0x00000000eba80000,0x00000000ebcf85c0,0x00000000ebd00000)
  to   space 2560K, 0% used [0x00000000ecc80000,0x00000000ecc80000,0x00000000ecf00000)
 ParOldGen       total 42496K, used 5058K [0x00000000c0000000, 0x00000000c2980000, 0x00000000eab00000)
  object space 42496K, 11% used [0x00000000c0000000,0x00000000c04f0a00,0x00000000c2980000)
 Metaspace       used 5720K, capacity 6768K, committed 7040K, reserved 1056768K
  class space    used 568K, capacity 616K, committed 640K, reserved 1048576K
}
Event: 3,174 GC heap before
{Heap before GC invocations=4 (full 0):
 PSYoungGen      total 18432K, used 18401K [0x00000000eab00000, 0x00000000ecf00000, 0x0000000100000000)
  eden space 15872K, 100% used [0x00000000eab00000,0x00000000eba80000,0x00000000eba80000)
  from space 2560K, 98% used [0x00000000eba80000,0x00000000ebcf85c0,0x00000000ebd00000)
  to   space 2560K, 0% used [0x00000000ecc80000,0x00000000ecc80000,0x00000000ecf00000)
 ParOldGen       total 42496K, used 5058K [0x00000000c0000000, 0x00000000c2980000, 0x00000000eab00000)
  object space 42496K, 11% used [0x00000000c0000000,0x00000000c04f0a00,0x00000000c2980000)
 Metaspace       used 5756K, capacity 6832K, committed 7040K, reserved 1056768K
  class space    used 568K, capacity 616K, committed 640K, reserved 1048576K
Event: 3,215 GC heap after
Heap after GC invocations=4 (full 0):
 PSYoungGen      total 34304K, used 2529K [0x00000000eab00000, 0x00000000ecf00000, 0x0000000100000000)
  eden space 31744K, 0% used [0x00000000eab00000,0x00000000eab00000,0x00000000eca00000)
  from space 2560K, 98% used [0x00000000ecc80000,0x00000000ecef85c0,0x00000000ecf00000)
  to   space 2560K, 0% used [0x00000000eca00000,0x00000000eca00000,0x00000000ecc80000)
 ParOldGen       total 42496K, used 7417K [0x00000000c0000000, 0x00000000c2980000, 0x00000000eab00000)
  object space 42496K, 17% used [0x00000000c0000000,0x00000000c073e420,0x00000000c2980000)
 Metaspace       used 5756K, capacity 6832K, committed 7040K, reserved 1056768K
  class space    used 568K, capacity 616K, committed 640K, reserved 1048576K
}
Event: 4,014 GC heap before
{Heap before GC invocations=5 (full 0):
 PSYoungGen      total 34304K, used 34273K [0x00000000eab00000, 0x00000000ecf00000, 0x0000000100000000)
  eden space 31744K, 100% used [0x00000000eab00000,0x00000000eca00000,0x00000000eca00000)
  from space 2560K, 98% used [0x00000000ecc80000,0x00000000ecef85c0,0x00000000ecf00000)
  to   space 2560K, 0% used [0x00000000eca00000,0x00000000eca00000,0x00000000ecc80000)
 ParOldGen       total 42496K, used 7417K [0x00000000c0000000, 0x00000000c2980000, 0x00000000eab00000)
  object space 42496K, 17% used [0x00000000c0000000,0x00000000c073e420,0x00000000c2980000)
 Metaspace       used 5803K, capacity 6832K, committed 7040K, reserved 1056768K
  class space    used 569K, capacity 616K, committed 640K, reserved 1048576K
Event: 4,067 GC heap after
Heap after GC invocations=5 (full 0):
 PSYoungGen      total 34304K, used 2529K [0x00000000eab00000, 0x00000000efb00000, 0x0000000100000000)
  eden space 31744K, 0% used [0x00000000eab00000,0x00000000eab00000,0x00000000eca00000)
  from space 2560K, 98% used [0x00000000eca00000,0x00000000ecc785c0,0x00000000ecc80000)
  to   space 9216K, 0% used [0x00000000ef200000,0x00000000ef200000,0x00000000efb00000)
 ParOldGen       total 42496K, used 12601K [0x00000000c0000000, 0x00000000c2980000, 0x00000000eab00000)
  object space 42496K, 29% used [0x00000000c0000000,0x00000000c0c4e600,0x00000000c2980000)
 Metaspace       used 5803K, capacity 6832K, committed 7040K, reserved 1056768K
  class space    used 569K, capacity 616K, committed 640K, reserved 1048576K
}
Event: 4,505 GC heap before
{Heap before GC invocations=6 (full 0):
 PSYoungGen      total 34304K, used 34273K [0x00000000eab00000, 0x00000000efb00000, 0x0000000100000000)
  eden space 31744K, 100% used [0x00000000eab00000,0x00000000eca00000,0x00000000eca00000)
  from space 2560K, 98% used [0x00000000eca00000,0x00000000ecc785c0,0x00000000ecc80000)
  to   space 9216K, 0% used [0x00000000ef200000,0x00000000ef200000,0x00000000efb00000)
 ParOldGen       total 42496K, used 12601K [0x00000000c0000000, 0x00000000c2980000, 0x00000000eab00000)
  object space 42496K, 29% used [0x00000000c0000000,0x00000000c0c4e600,0x00000000c2980000)
 Metaspace       used 5830K, capacity 6896K, committed 7040K, reserved 1056768K
  class space    used 569K, capacity 616K, committed 640K, reserved 1048576K
Event: 4,569 GC heap after
Heap after GC invocations=6 (full 0):
 PSYoungGen      total 71680K, used 7569K [0x00000000eab00000, 0x00000000efd00000, 0x0000000100000000)
  eden space 62464K, 0% used [0x00000000eab00000,0x00000000eab00000,0x00000000ee800000)
  from space 9216K, 82% used [0x00000000ef200000,0x00000000ef9645d0,0x00000000efb00000)
  to   space 10240K, 0% used [0x00000000ee800000,0x00000000ee800000,0x00000000ef200000)
 ParOldGen       total 42496K, used 12601K [0x00000000c0000000, 0x00000000c2980000, 0x00000000eab00000)
  object space 42496K, 29% used [0x00000000c0000000,0x00000000c0c4e600,0x00000000c2980000)
 Metaspace       used 5830K, capacity 6896K, committed 7040K, reserved 1056768K
  class space    used 569K, capacity 616K, committed 640K, reserved 1048576K
}
Event: 5,545 GC heap before
{Heap before GC invocations=7 (full 0):
 PSYoungGen      total 71680K, used 70033K [0x00000000eab00000, 0x00000000efd00000, 0x0000000100000000)
  eden space 62464K, 100% used [0x00000000eab00000,0x00000000ee800000,0x00000000ee800000)
  from space 9216K, 82% used [0x00000000ef200000,0x00000000ef9645d0,0x00000000efb00000)
  to   space 10240K, 0% used [0x00000000ee800000,0x00000000ee800000,0x00000000ef200000)
 ParOldGen       total 42496K, used 12601K [0x00000000c0000000, 0x00000000c2980000, 0x00000000eab00000)
  object space 42496K, 29% used [0x00000000c0000000,0x00000000c0c4e600,0x00000000c2980000)
 Metaspace       used 5880K, capacity 6960K, committed 7040K, reserved 1056768K
  class space    used 569K, capacity 616K, committed 640K, reserved 1048576K

Deoptimization events (10 events):
Event: 3,831 Thread 0x00007fd410182800 Uncommon trap: reason=bimorphic action=maybe_recompile pc=0x00007fd4012c6dd4 method=java.util.HashMap.getNode(ILjava/lang/Object;)Ljava/util/HashMap$Node; @ 126
Event: 3,831 Thread 0x00007fd410182800 Uncommon trap: reason=class_check action=maybe_recompile pc=0x00007fd401334eec method=java.util.HashMap.putVal(ILjava/lang/Object;Ljava/lang/Object;ZZ)Ljava/lang/Object; @ 203
Event: 3,831 Thread 0x00007fd410182800 Uncommon trap: reason=bimorphic action=maybe_recompile pc=0x00007fd4012c6dd4 method=java.util.HashMap.getNode(ILjava/lang/Object;)Ljava/util/HashMap$Node; @ 126
Event: 3,831 Thread 0x00007fd410182800 Uncommon trap: reason=class_check action=maybe_recompile pc=0x00007fd401334eec method=java.util.HashMap.putVal(ILjava/lang/Object;Ljava/lang/Object;ZZ)Ljava/lang/Object; @ 203
Event: 3,831 Thread 0x00007fd410182800 Uncommon trap: reason=bimorphic action=maybe_recompile pc=0x00007fd4012c6dd4 method=java.util.HashMap.getNode(ILjava/lang/Object;)Ljava/util/HashMap$Node; @ 126
Event: 3,831 Thread 0x00007fd410182800 Uncommon trap: reason=bimorphic action=maybe_recompile pc=0x00007fd4012c6dd4 method=java.util.HashMap.getNode(ILjava/lang/Object;)Ljava/util/HashMap$Node; @ 126
Event: 3,831 Thread 0x00007fd410182800 Uncommon trap: reason=class_check action=maybe_recompile pc=0x00007fd401334eec method=java.util.HashMap.putVal(ILjava/lang/Object;Ljava/lang/Object;ZZ)Ljava/lang/Object; @ 203
Event: 3,831 Thread 0x00007fd410182800 Uncommon trap: reason=bimorphic action=maybe_recompile pc=0x00007fd401240b30 method=java.util.HashMap.getNode(ILjava/lang/Object;)Ljava/util/HashMap$Node; @ 126
Event: 5,396 Thread 0x00007fd410185000 Uncommon trap: reason=unstable_if action=reinterpret pc=0x00007fd401442650 method=com.android.dx.ssa.SCCP.simulateStmt(Lcom/android/dx/ssa/SsaInsn;)V @ 53
Event: 5,458 Thread 0x00007fd410185000 Uncommon trap: reason=class_check action=maybe_recompile pc=0x00007fd401334eec method=java.util.HashMap.putVal(ILjava/lang/Object;Ljava/lang/Object;ZZ)Ljava/lang/Object; @ 203

Internal exceptions (2 events):
Event: 0,031 Thread 0x00007fd41000a000 Exception <a 'java/lang/NoSuchMethodError': Method sun.misc.Unsafe.defineClass(Ljava/lang/String;[BII)Ljava/lang/Class; name or signature does not match> (0x00000000eab07cc0) thrown at [/build/openjdk-8-6lTAoN/openjdk-8-8u91-b14/src/hotspot/src/share/vm/p
Event: 0,031 Thread 0x00007fd41000a000 Exception <a 'java/lang/NoSuchMethodError': Method sun.misc.Unsafe.prefetchRead(Ljava/lang/Object;J)V name or signature does not match> (0x00000000eab07fa8) thrown at [/build/openjdk-8-6lTAoN/openjdk-8-8u91-b14/src/hotspot/src/share/vm/prims/jni.cpp, line

Events (10 events):
Event: 5,476 Thread 0x00007fd410182800 DEOPT UNPACKING pc=0x00007fd401047373 sp=0x00007fd3c7dfbfa0 mode 0
Event: 5,484 Thread 0x00007fd410185000 DEOPT PACKING pc=0x00007fd4012c44b8 sp=0x00007fd3c7bfa0a0
Event: 5,484 Thread 0x00007fd410185000 DEOPT UNPACKING pc=0x00007fd401047373 sp=0x00007fd3c7bf9ea0 mode 0
Event: 5,505 Thread 0x00007fd41017d800 DEOPT PACKING pc=0x00007fd4013b69ab sp=0x00007fd3c7ffe0d0
Event: 5,505 Thread 0x00007fd41017d800 DEOPT UNPACKING pc=0x00007fd401047373 sp=0x00007fd3c7ffde20 mode 0
Event: 5,505 Thread 0x00007fd41017d800 DEOPT PACKING pc=0x00007fd401295a87 sp=0x00007fd3c7ffdde0
Event: 5,506 Thread 0x00007fd41017d800 DEOPT UNPACKING pc=0x00007fd401047373 sp=0x00007fd3c7ffdb48 mode 0
Event: 5,516 Thread 0x00007fd410183800 DEOPT PACKING pc=0x00007fd401464aa3 sp=0x00007fd3c7cfb210
Event: 5,516 Thread 0x00007fd410183800 DEOPT UNPACKING pc=0x00007fd401047373 sp=0x00007fd3c7cfafa0 mode 0
Event: 5,521 Executing VM operation: ParallelGCFailedAllocation


Dynamic libraries:
00400000-00401000 r-xp 00000000 08:07 2623089                            /usr/lib/jvm/java-8-openjdk-amd64/jre/bin/java
00600000-00601000 r--p 00000000 08:07 2623089                            /usr/lib/jvm/java-8-openjdk-amd64/jre/bin/java
00601000-00602000 rw-p 00001000 08:07 2623089                            /usr/lib/jvm/java-8-openjdk-amd64/jre/bin/java
019ac000-019cd000 rw-p 00000000 00:00 0                                  [heap]
c0000000-c2980000 rw-p 00000000 00:00 0 
c2980000-eab00000 ---p 00000000 00:00 0 
eab00000-efd00000 rw-p 00000000 00:00 0 
f4300000-100000000 ---p 00000000 00:00 0 
100000000-1000a0000 rw-p 00000000 00:00 0 
1000a0000-140000000 ---p 00000000 00:00 0 
7fd3b0000000-7fd3b002a000 rw-p 00000000 00:00 0 
7fd3b002a000-7fd3b4000000 ---p 00000000 00:00 0 
7fd3b4000000-7fd3b4021000 rw-p 00000000 00:00 0 
7fd3b4021000-7fd3b8000000 ---p 00000000 00:00 0 
7fd3b8000000-7fd3b8021000 rw-p 00000000 00:00 0 
7fd3b8021000-7fd3bc000000 ---p 00000000 00:00 0 
7fd3bc000000-7fd3bc026000 rw-p 00000000 00:00 0 
7fd3bc026000-7fd3c0000000 ---p 00000000 00:00 0 
7fd3c0000000-7fd3c002c000 rw-p 00000000 00:00 0 
7fd3c002c000-7fd3c4000000 ---p 00000000 00:00 0 
7fd3c7afb000-7fd3c7afe000 ---p 00000000 00:00 0 
7fd3c7afe000-7fd3c7bfc000 rw-p 00000000 00:00 0 
7fd3c7bfc000-7fd3c7bff000 ---p 00000000 00:00 0 
7fd3c7bff000-7fd3c7cfd000 rw-p 00000000 00:00 0 
7fd3c7cfd000-7fd3c7d00000 ---p 00000000 00:00 0 
7fd3c7d00000-7fd3c7dfe000 rw-p 00000000 00:00 0 
7fd3c7dfe000-7fd3c7e01000 ---p 00000000 00:00 0 
7fd3c7e01000-7fd3c7eff000 rw-p 00000000 00:00 0 
7fd3c7eff000-7fd3c7f02000 ---p 00000000 00:00 0 
7fd3c7f02000-7fd3c8000000 rw-p 00000000 00:00 0 
7fd3c8000000-7fd3c8021000 rw-p 00000000 00:00 0 
7fd3c8021000-7fd3cc000000 ---p 00000000 00:00 0 
7fd3cc000000-7fd3cc021000 rw-p 00000000 00:00 0 
7fd3cc021000-7fd3d0000000 ---p 00000000 00:00 0 
7fd3d0000000-7fd3d07b1000 rw-p 00000000 00:00 0 
7fd3d07b1000-7fd3d4000000 ---p 00000000 00:00 0 
7fd3d4000000-7fd3d4667000 rw-p 00000000 00:00 0 
7fd3d4667000-7fd3d8000000 ---p 00000000 00:00 0 
7fd3d8000000-7fd3d8021000 rw-p 00000000 00:00 0 
7fd3d8021000-7fd3dc000000 ---p 00000000 00:00 0 
7fd3dc000000-7fd3dc652000 rw-p 00000000 00:00 0 
7fd3dc652000-7fd3e0000000 ---p 00000000 00:00 0 
7fd3e0000000-7fd3e0021000 rw-p 00000000 00:00 0 
7fd3e0021000-7fd3e4000000 ---p 00000000 00:00 0 
7fd3e4000000-7fd3e4021000 rw-p 00000000 00:00 0 
7fd3e4021000-7fd3e8000000 ---p 00000000 00:00 0 
7fd3e8000000-7fd3e8021000 rw-p 00000000 00:00 0 
7fd3e8021000-7fd3ec000000 ---p 00000000 00:00 0 
7fd3ec000000-7fd3ec021000 rw-p 00000000 00:00 0 
7fd3ec021000-7fd3f0000000 ---p 00000000 00:00 0 
7fd3f0000000-7fd3f0021000 rw-p 00000000 00:00 0 
7fd3f0021000-7fd3f4000000 ---p 00000000 00:00 0 
7fd3f4000000-7fd3f4021000 rw-p 00000000 00:00 0 
7fd3f4021000-7fd3f8000000 ---p 00000000 00:00 0 
7fd3f8000000-7fd3f8021000 rw-p 00000000 00:00 0 
7fd3f8021000-7fd3fc000000 ---p 00000000 00:00 0 
7fd3fc053000-7fd3fc05a000 r--s 00000000 08:07 1319498                    /usr/lib/x86_64-linux-gnu/gconv/gconv-modules.cache
7fd3fc05a000-7fd3fc07c000 r--p 00000000 08:07 1585084                    /usr/share/locale-langpack/it/LC_MESSAGES/libc.mo
7fd3fc07c000-7fd3fc092000 r--s 000f1000 08:07 675102                     /home/gianni/AndroidStudioProjects/MyApplication/app/build/intermediates/exploded-aar/com.android.support/support-v4/23.4.0/jars/classes.jar
7fd3fc092000-7fd3fc0a1000 r--s 000df000 08:07 1458133                    /home/gianni/Android/Sdk/build-tools/23.0.3/lib/dx.jar
7fd3fc0a1000-7fd3fc0a7000 r--s 0003a000 08:07 402373                     /usr/lib/jvm/java-8-openjdk-amd64/jre/lib/ext/sunjce_provider.jar
7fd3fc0a7000-7fd3fc0ab000 r--s 00037000 08:07 402379                     /usr/lib/jvm/java-8-openjdk-amd64/jre/lib/ext/sunpkcs11.jar
7fd3fc0ab000-7fd3fc0c6000 r--s 001d7000 08:07 402378                     /usr/lib/jvm/java-8-openjdk-amd64/jre/lib/ext/nashorn.jar
7fd3fc0c6000-7fd3fc0e2000 r--s 00393000 08:07 402374                     /usr/lib/jvm/java-8-openjdk-amd64/jre/lib/ext/cldrdata.jar
7fd3fc0e2000-7fd3fc0ec000 r--s 00116000 08:07 402376                     /usr/lib/jvm/java-8-openjdk-amd64/jre/lib/ext/localedata.jar
7fd3fc0ec000-7fd3fc0ed000 ---p 00000000 00:00 0 
7fd3fc0ed000-7fd3fc1ed000 rw-p 00000000 00:00 0 
7fd3fc1ed000-7fd3fc1f0000 ---p 00000000 00:00 0 
7fd3fc1f0000-7fd3fc2ee000 rw-p 00000000 00:00 0 
7fd3fc2ee000-7fd3fc2f1000 ---p 00000000 00:00 0 
7fd3fc2f1000-7fd3fc3ef000 rw-p 00000000 00:00 0 
7fd3fc3ef000-7fd3fc3f2000 ---p 00000000 00:00 0 
7fd3fc3f2000-7fd3fc4f0000 rw-p 00000000 00:00 0 
7fd3fc4f0000-7fd3fc4f3000 ---p 00000000 00:00 0 
7fd3fc4f3000-7fd3fc5f1000 rw-p 00000000 00:00 0 
7fd3fc5f1000-7fd3fc5f4000 ---p 00000000 00:00 0 
7fd3fc5f4000-7fd3fc6f2000 rw-p 00000000 00:00 0 
7fd3fc6f2000-7fd3fc9cc000 r--p 00000000 08:07 1050016                    /usr/lib/locale/locale-archive
7fd3fc9cc000-7fd3fc9cf000 ---p 00000000 00:00 0 
7fd3fc9cf000-7fd3fcacd000 rw-p 00000000 00:00 0 
7fd3fcacd000-7fd3fcad0000 ---p 00000000 00:00 0 
7fd3fcad0000-7fd3fcbce000 rw-p 00000000 00:00 0 
7fd3fcbce000-7fd3fcbcf000 ---p 00000000 00:00 0 
7fd3fcbcf000-7fd3fdc62000 rw-p 00000000 00:00 0 
7fd3fdc62000-7fd3fde2f000 r--s 03be7000 08:07 2623081                    /usr/lib/jvm/java-8-openjdk-amd64/jre/lib/rt.jar
7fd3fde2f000-7fd3fe4e5000 rw-p 00000000 00:00 0 
7fd3fe4e5000-7fd3fe6a5000 ---p 00000000 00:00 0 
7fd3fe6a5000-7fd4008a5000 rw-p 00000000 00:00 0 
7fd4008a5000-7fd4008a6000 ---p 00000000 00:00 0 
7fd4008a6000-7fd4009a6000 rw-p 00000000 00:00 0 
7fd4009a6000-7fd4009a7000 ---p 00000000 00:00 0 
7fd4009a7000-7fd400aa7000 rw-p 00000000 00:00 0 
7fd400aa7000-7fd400aa8000 ---p 00000000 00:00 0 
7fd400aa8000-7fd400ba8000 rw-p 00000000 00:00 0 
7fd400ba8000-7fd400ba9000 ---p 00000000 00:00 0 
7fd400ba9000-7fd400cbe000 rw-p 00000000 00:00 0 
7fd400cbe000-7fd400dff000 ---p 00000000 00:00 0 
7fd400dff000-7fd400e14000 rw-p 00000000 00:00 0 
7fd400e14000-7fd400f54000 ---p 00000000 00:00 0 
7fd400f54000-7fd400f7e000 rw-p 00000000 00:00 0 
7fd400f7e000-7fd400fff000 ---p 00000000 00:00 0 
7fd400fff000-7fd401000000 rw-p 00000000 00:00 0 
7fd401000000-7fd401500000 rwxp 00000000 00:00 0 
7fd401500000-7fd410000000 ---p 00000000 00:00 0 
7fd410000000-7fd4101c4000 rw-p 00000000 00:00 0 
7fd4101c4000-7fd414000000 ---p 00000000 00:00 0 
7fd414001000-7fd414036000 rw-p 00000000 00:00 0 
7fd414036000-7fd4143e2000 ---p 00000000 00:00 0 
7fd4143e2000-7fd4143ea000 r-xp 00000000 08:07 2888372                    /usr/lib/jvm/java-8-openjdk-amd64/jre/lib/amd64/libzip.so
7fd4143ea000-7fd4145e9000 ---p 00008000 08:07 2888372                    /usr/lib/jvm/java-8-openjdk-amd64/jre/lib/amd64/libzip.so
7fd4145e9000-7fd4145ea000 r--p 00007000 08:07 2888372                    /usr/lib/jvm/java-8-openjdk-amd64/jre/lib/amd64/libzip.so
7fd4145ea000-7fd4145eb000 rw-p 00008000 08:07 2888372                    /usr/lib/jvm/java-8-openjdk-amd64/jre/lib/amd64/libzip.so
7fd4145eb000-7fd4145f6000 r-xp 00000000 08:07 1727265                    /lib/x86_64-linux-gnu/libnss_files-2.23.so
7fd4145f6000-7fd4147f5000 ---p 0000b000 08:07 1727265                    /lib/x86_64-linux-gnu/libnss_files-2.23.so
7fd4147f5000-7fd4147f6000 r--p 0000a000 08:07 1727265                    /lib/x86_64-linux-gnu/libnss_files-2.23.so
7fd4147f6000-7fd4147f7000 rw-p 0000b000 08:07 1727265                    /lib/x86_64-linux-gnu/libnss_files-2.23.so
7fd4147f7000-7fd4147fd000 rw-p 00000000 00:00 0 
7fd4147fd000-7fd414808000 r-xp 00000000 08:07 1727262                    /lib/x86_64-linux-gnu/libnss_nis-2.23.so
7fd414808000-7fd414a07000 ---p 0000b000 08:07 1727262                    /lib/x86_64-linux-gnu/libnss_nis-2.23.so
7fd414a07000-7fd414a08000 r--p 0000a000 08:07 1727262                    /lib/x86_64-linux-gnu/libnss_nis-2.23.so
7fd414a08000-7fd414a09000 rw-p 0000b000 08:07 1727262                    /lib/x86_64-linux-gnu/libnss_nis-2.23.so
7fd414a09000-7fd414a1f000 r-xp 00000000 08:07 1727260                    /lib/x86_64-linux-gnu/libnsl-2.23.so
7fd414a1f000-7fd414c1e000 ---p 00016000 08:07 1727260                    /lib/x86_64-linux-gnu/libnsl-2.23.so
7fd414c1e000-7fd414c1f000 r--p 00015000 08:07 1727260                    /lib/x86_64-linux-gnu/libnsl-2.23.so
7fd414c1f000-7fd414c20000 rw-p 00016000 08:07 1727260                    /lib/x86_64-linux-gnu/libnsl-2.23.so
7fd414c20000-7fd414c22000 rw-p 00000000 00:00 0 
7fd414c22000-7fd414c2a000 r-xp 00000000 08:07 1727258                    /lib/x86_64-linux-gnu/libnss_compat-2.23.so
7fd414c2a000-7fd414e29000 ---p 00008000 08:07 1727258                    /lib/x86_64-linux-gnu/libnss_compat-2.23.so
7fd414e29000-7fd414e2a000 r--p 00007000 08:07 1727258                    /lib/x86_64-linux-gnu/libnss_compat-2.23.so
7fd414e2a000-7fd414e2b000 rw-p 00008000 08:07 1727258                    /lib/x86_64-linux-gnu/libnss_compat-2.23.so
7fd414e2b000-7fd414e58000 r-xp 00000000 08:07 2888360                    /usr/lib/jvm/java-8-openjdk-amd64/jre/lib/amd64/libjava.so
7fd414e58000-7fd415057000 ---p 0002d000 08:07 2888360                    /usr/lib/jvm/java-8-openjdk-amd64/jre/lib/amd64/libjava.so
7fd415057000-7fd415058000 r--p 0002c000 08:07 2888360                    /usr/lib/jvm/java-8-openjdk-amd64/jre/lib/amd64/libjava.so
7fd415058000-7fd41505a000 rw-p 0002d000 08:07 2888360                    /usr/lib/jvm/java-8-openjdk-amd64/jre/lib/amd64/libjava.so
7fd41505a000-7fd415069000 r-xp 00000000 08:07 2888352                    /usr/lib/jvm/java-8-openjdk-amd64/jre/lib/amd64/libverify.so
7fd415069000-7fd415268000 ---p 0000f000 08:07 2888352                    /usr/lib/jvm/java-8-openjdk-amd64/jre/lib/amd64/libverify.so
7fd415268000-7fd41526a000 r--p 0000e000 08:07 2888352                    /usr/lib/jvm/java-8-openjdk-amd64/jre/lib/amd64/libverify.so
7fd41526a000-7fd41526b000 rw-p 00010000 08:07 2888352                    /usr/lib/jvm/java-8-openjdk-amd64/jre/lib/amd64/libverify.so
7fd41526b000-7fd415272000 r-xp 00000000 08:07 1727274                    /lib/x86_64-linux-gnu/librt-2.23.so
7fd415272000-7fd415471000 ---p 00007000 08:07 1727274                    /lib/x86_64-linux-gnu/librt-2.23.so
7fd415471000-7fd415472000 r--p 00006000 08:07 1727274                    /lib/x86_64-linux-gnu/librt-2.23.so
7fd415472000-7fd415473000 rw-p 00007000 08:07 1727274                    /lib/x86_64-linux-gnu/librt-2.23.so
7fd415473000-7fd415489000 r-xp 00000000 08:07 1708930                    /lib/x86_64-linux-gnu/libgcc_s.so.1
7fd415489000-7fd415688000 ---p 00016000 08:07 1708930                    /lib/x86_64-linux-gnu/libgcc_s.so.1
7fd415688000-7fd415689000 rw-p 00015000 08:07 1708930                    /lib/x86_64-linux-gnu/libgcc_s.so.1
7fd415689000-7fd415791000 r-xp 00000000 08:07 1727271                    /lib/x86_64-linux-gnu/libm-2.23.so
7fd415791000-7fd415990000 ---p 00108000 08:07 1727271                    /lib/x86_64-linux-gnu/libm-2.23.so
7fd415990000-7fd415991000 r--p 00107000 08:07 1727271                    /lib/x86_64-linux-gnu/libm-2.23.so
7fd415991000-7fd415992000 rw-p 00108000 08:07 1727271                    /lib/x86_64-linux-gnu/libm-2.23.so
7fd415992000-7fd415b04000 r-xp 00000000 08:07 1050856                    /usr/lib/x86_64-linux-gnu/libstdc++.so.6.0.21
7fd415b04000-7fd415d04000 ---p 00172000 08:07 1050856                    /usr/lib/x86_64-linux-gnu/libstdc++.so.6.0.21
7fd415d04000-7fd415d0e000 r--p 00172000 08:07 1050856                    /usr/lib/x86_64-linux-gnu/libstdc++.so.6.0.21
7fd415d0e000-7fd415d10000 rw-p 0017c000 08:07 1050856                    /usr/lib/x86_64-linux-gnu/libstdc++.so.6.0.21
7fd415d10000-7fd415d14000 rw-p 00000000 00:00 0 
7fd415d14000-7fd41695a000 r-xp 00000000 08:07 3025040                    /usr/lib/jvm/java-8-openjdk-amd64/jre/lib/amd64/server/libjvm.so
7fd41695a000-7fd416b59000 ---p 00c46000 08:07 3025040                    /usr/lib/jvm/java-8-openjdk-amd64/jre/lib/amd64/server/libjvm.so
7fd416b59000-7fd416bec000 r--p 00c45000 08:07 3025040                    /usr/lib/jvm/java-8-openjdk-amd64/jre/lib/amd64/server/libjvm.so
7fd416bec000-7fd416c14000 rw-p 00cd8000 08:07 3025040                    /usr/lib/jvm/java-8-openjdk-amd64/jre/lib/amd64/server/libjvm.so
7fd416c14000-7fd416c44000 rw-p 00000000 00:00 0 
7fd416c44000-7fd416c5c000 r-xp 00000000 08:07 1727278                    /lib/x86_64-linux-gnu/libpthread-2.23.so
7fd416c5c000-7fd416e5b000 ---p 00018000 08:07 1727278                    /lib/x86_64-linux-gnu/libpthread-2.23.so
7fd416e5b000-7fd416e5c000 r--p 00017000 08:07 1727278                    /lib/x86_64-linux-gnu/libpthread-2.23.so
7fd416e5c000-7fd416e5d000 rw-p 00018000 08:07 1727278                    /lib/x86_64-linux-gnu/libpthread-2.23.so
7fd416e5d000-7fd416e61000 rw-p 00000000 00:00 0 
7fd416e61000-7fd416e64000 r-xp 00000000 08:07 1727280                    /lib/x86_64-linux-gnu/libdl-2.23.so
7fd416e64000-7fd417063000 ---p 00003000 08:07 1727280                    /lib/x86_64-linux-gnu/libdl-2.23.so
7fd417063000-7fd417064000 r--p 00002000 08:07 1727280                    /lib/x86_64-linux-gnu/libdl-2.23.so
7fd417064000-7fd417065000 rw-p 00003000 08:07 1727280                    /lib/x86_64-linux-gnu/libdl-2.23.so
7fd417065000-7fd41707e000 r-xp 00000000 08:07 1708916                    /lib/x86_64-linux-gnu/libz.so.1.2.8
7fd41707e000-7fd41727d000 ---p 00019000 08:07 1708916                    /lib/x86_64-linux-gnu/libz.so.1.2.8
7fd41727d000-7fd41727e000 r--p 00018000 08:07 1708916                    /lib/x86_64-linux-gnu/libz.so.1.2.8
7fd41727e000-7fd41727f000 rw-p 00019000 08:07 1708916                    /lib/x86_64-linux-gnu/libz.so.1.2.8
7fd41727f000-7fd41743f000 r-xp 00000000 08:07 1727279                    /lib/x86_64-linux-gnu/libc-2.23.so
7fd41743f000-7fd41763e000 ---p 001c0000 08:07 1727279                    /lib/x86_64-linux-gnu/libc-2.23.so
7fd41763e000-7fd417642000 r--p 001bf000 08:07 1727279                    /lib/x86_64-linux-gnu/libc-2.23.so
7fd417642000-7fd417644000 rw-p 001c3000 08:07 1727279                    /lib/x86_64-linux-gnu/libc-2.23.so
7fd417644000-7fd417648000 rw-p 00000000 00:00 0 
7fd417648000-7fd417655000 r-xp 00000000 08:07 402362                     /usr/lib/jvm/java-8-openjdk-amd64/jre/lib/amd64/jli/libjli.so
7fd417655000-7fd417855000 ---p 0000d000 08:07 402362                     /usr/lib/jvm/java-8-openjdk-amd64/jre/lib/amd64/jli/libjli.so
7fd417855000-7fd417856000 r--p 0000d000 08:07 402362                     /usr/lib/jvm/java-8-openjdk-amd64/jre/lib/amd64/jli/libjli.so
7fd417856000-7fd417857000 rw-p 0000e000 08:07 402362                     /usr/lib/jvm/java-8-openjdk-amd64/jre/lib/amd64/jli/libjli.so
7fd417857000-7fd41787d000 r-xp 00000000 08:07 1727275                    /lib/x86_64-linux-gnu/ld-2.23.so
7fd41787e000-7fd417880000 r--s 00001000 08:07 402377                     /usr/lib/jvm/java-8-openjdk-amd64/jre/lib/ext/dnsns.jar
7fd417880000-7fd417883000 r--s 0000f000 08:07 402370                     /usr/lib/jvm/java-8-openjdk-amd64/jre/lib/ext/icedtea-sound.jar
7fd417883000-7fd417953000 rw-p 00000000 00:00 0 
7fd417953000-7fd417956000 ---p 00000000 00:00 0 
7fd417956000-7fd417a59000 rw-p 00000000 00:00 0 
7fd417a59000-7fd417a5a000 r--s 0000a000 08:07 402372                     /usr/lib/jvm/java-8-openjdk-amd64/jre/lib/ext/jaccess.jar
7fd417a5a000-7fd417a5b000 r--s 00008000 08:07 402375                     /usr/lib/jvm/java-8-openjdk-amd64/jre/lib/ext/sunec.jar
7fd417a5b000-7fd417a5c000 r--s 00010000 08:07 402371                     /usr/lib/jvm/java-8-openjdk-amd64/jre/lib/ext/zipfs.jar
7fd417a5c000-7fd417a70000 rw-p 00000000 00:00 0 
7fd417a70000-7fd417a78000 rw-s 00000000 08:07 3065665                    /tmp/hsperfdata_gianni/7620
7fd417a78000-7fd417a79000 rw-p 00000000 00:00 0 
7fd417a79000-7fd417a7a000 ---p 00000000 00:00 0 
7fd417a7a000-7fd417a7c000 rw-p 00000000 00:00 0 
7fd417a7c000-7fd417a7d000 r--p 00025000 08:07 1727275                    /lib/x86_64-linux-gnu/ld-2.23.so
7fd417a7d000-7fd417a7e000 rw-p 00026000 08:07 1727275                    /lib/x86_64-linux-gnu/ld-2.23.so
7fd417a7e000-7fd417a7f000 rw-p 00000000 00:00 0 
7ffd16af4000-7ffd16b15000 rw-p 00000000 00:00 0                          [stack]
7ffd16b8f000-7ffd16b91000 r--p 00000000 00:00 0                          [vvar]
7ffd16b91000-7ffd16b93000 r-xp 00000000 00:00 0                          [vdso]
ffffffffff600000-ffffffffff601000 r-xp 00000000 00:00 0                  [vsyscall]

VM Arguments:
jvm_args: -Djava.awt.headless=true -Xmx1024M -Dfile.encoding=UTF-8 -Duser.country=IT -Duser.language=it -Duser.variant 
java_command: com.android.dx.command.Main --dex --force-jumbo --num-threads=4 --multi-dex --output /home/gianni/AndroidStudioProjects/MyApplication/app/build/intermediates/transforms/dex/debug/folders/1000/10/com.android.support-support-v4-23.4.0_8f11a769bcfc4e14ecc4ac90cf87175282a4b4b4 /home/gianni/AndroidStudioProjects/MyApplication/app/build/intermediates/exploded-aar/com.android.support/support-v4/23.4.0/jars/classes.jar
java_class_path (initial): /home/gianni/Android/Sdk/build-tools/23.0.3/lib/dx.jar
Launcher Type: SUN_STANDARD

Environment Variables:
JAVA_HOME=/usr/lib/jvm/java-1.8.0-openjdk-amd64
PATH=/usr/local/sbin:/usr/local/bin:/usr/sbin:/usr/bin:/sbin:/bin:/usr/games:/usr/local/games:/snap/bin
SHELL=/bin/bash
DISPLAY=:0

Signal Handlers:
SIGSEGV: [libjvm.so+0xa5e090], sa_mask[0]=11111111011111111101111111111110, sa_flags=SA_RESTART|SA_SIGINFO
SIGBUS: [libjvm.so+0xa5e090], sa_mask[0]=11111111011111111101111111111110, sa_flags=SA_RESTART|SA_SIGINFO
SIGFPE: [libjvm.so+0x8a9800], sa_mask[0]=11111111011111111101111111111110, sa_flags=SA_RESTART|SA_SIGINFO
SIGPIPE: [libjvm.so+0x8a9800], sa_mask[0]=11111111011111111101111111111110, sa_flags=SA_RESTART|SA_SIGINFO
SIGXFSZ: [libjvm.so+0x8a9800], sa_mask[0]=11111111011111111101111111111110, sa_flags=SA_RESTART|SA_SIGINFO
SIGILL: [libjvm.so+0x8a9800], sa_mask[0]=11111111011111111101111111111110, sa_flags=SA_RESTART|SA_SIGINFO
SIGUSR1: SIG_DFL, sa_mask[0]=00000000000000000000000000000000, sa_flags=none
SIGUSR2: [libjvm.so+0x8a96b0], sa_mask[0]=00100000000000000000000000000000, sa_flags=SA_RESTART|SA_SIGINFO
SIGHUP: [libjvm.so+0x8a9b80], sa_mask[0]=11111111011111111101111111111110, sa_flags=SA_RESTART|SA_SIGINFO
SIGINT: [libjvm.so+0x8a9b80], sa_mask[0]=11111111011111111101111111111110, sa_flags=SA_RESTART|SA_SIGINFO
SIGTERM: [libjvm.so+0x8a9b80], sa_mask[0]=11111111011111111101111111111110, sa_flags=SA_RESTART|SA_SIGINFO
SIGQUIT: [libjvm.so+0x8a9b80], sa_mask[0]=11111111011111111101111111111110, sa_flags=SA_RESTART|SA_SIGINFO


---------------  S Y S T E M  ---------------

OS:DISTRIB_ID=Ubuntu
DISTRIB_RELEASE=16.04
DISTRIB_CODENAME=xenial
DISTRIB_DESCRIPTION="Ubuntu 16.04 LTS"

uname:Linux 4.4.0-28-generic #47-Ubuntu SMP Fri Jun 24 10:09:13 UTC 2016 x86_64
libc:glibc 2.23 NPTL 2.23 
rlimit: STACK 8192k, CORE 0k, NPROC 14997, NOFILE 65536, AS infinity
load average:4,56 1,70 1,02

/proc/meminfo:
MemTotal:        3936056 kB
MemFree:          110868 kB
MemAvailable:      48272 kB
Buffers:            4380 kB
Cached:           334436 kB
SwapCached:            0 kB
Active:          3326304 kB
Inactive:         278172 kB
Active(anon):    3302484 kB
Inactive(anon):   230272 kB
Active(file):      23820 kB
Inactive(file):    47900 kB
Unevictable:         152 kB
Mlocked:             152 kB
SwapTotal:             0 kB
SwapFree:              0 kB
Dirty:              3084 kB
Writeback:            44 kB
AnonPages:       3266772 kB
Mapped:           140308 kB
Shmem:            266172 kB
Slab:              90752 kB
SReclaimable:      47816 kB
SUnreclaim:        42936 kB
KernelStack:       14240 kB
PageTables:        49832 kB
NFS_Unstable:          0 kB
Bounce:                0 kB
WritebackTmp:          0 kB
CommitLimit:     1968028 kB
Committed_AS:    9544400 kB
VmallocTotal:   34359738367 kB
VmallocUsed:           0 kB
VmallocChunk:          0 kB
HardwareCorrupted:     0 kB
AnonHugePages:   1708032 kB
CmaTotal:              0 kB
CmaFree:               0 kB
HugePages_Total:       0
HugePages_Free:        0
HugePages_Rsvd:        0
HugePages_Surp:        0
Hugepagesize:       2048 kB
DirectMap4k:      170748 kB
DirectMap2M:     3913728 kB


CPU:total 4 (2 cores per cpu, 2 threads per core) family 6 model 58 stepping 9, cmov, cx8, fxsr, mmx, sse, sse2, sse3, ssse3, sse4.1, sse4.2, popcnt, avx, clmul, erms, ht, tsc, tscinvbit, tscinv

/proc/cpuinfo:
processor	: 0
vendor_id	: GenuineIntel
cpu family	: 6
model		: 58
model name	: Intel(R) Core(TM) i3-3110M CPU @ 2.40GHz
stepping	: 9
microcode	: 0x17
cpu MHz		: 1495.218
cache size	: 3072 KB
physical id	: 0
siblings	: 4
core id		: 0
cpu cores	: 2
apicid		: 0
initial apicid	: 0
fpu		: yes
fpu_exception	: yes
cpuid level	: 13
wp		: yes
flags		: fpu vme de pse tsc msr pae mce cx8 apic sep mtrr pge mca cmov pat pse36 clflush dts acpi mmx fxsr sse sse2 ss ht tm pbe syscall nx rdtscp lm constant_tsc arch_perfmon pebs bts rep_good nopl xtopology nonstop_tsc aperfmperf eagerfpu pni pclmulqdq dtes64 monitor ds_cpl vmx est tm2 ssse3 cx16 xtpr pdcm pcid sse4_1 sse4_2 x2apic popcnt tsc_deadline_timer xsave avx f16c lahf_lm epb tpr_shadow vnmi flexpriority ept vpid fsgsbase smep erms xsaveopt dtherm arat pln pts
bugs		:
bogomips	: 4789.17
clflush size	: 64
cache_alignment	: 64
address sizes	: 36 bits physical, 48 bits virtual
power management:

processor	: 1
vendor_id	: GenuineIntel
cpu family	: 6
model		: 58
model name	: Intel(R) Core(TM) i3-3110M CPU @ 2.40GHz
stepping	: 9
microcode	: 0x17
cpu MHz		: 1419.093
cache size	: 3072 KB
physical id	: 0
siblings	: 4
core id		: 0
cpu cores	: 2
apicid		: 1
initial apicid	: 1
fpu		: yes
fpu_exception	: yes
cpuid level	: 13
wp		: yes
flags		: fpu vme de pse tsc msr pae mce cx8 apic sep mtrr pge mca cmov pat pse36 clflush dts acpi mmx fxsr sse sse2 ss ht tm pbe syscall nx rdtscp lm constant_tsc arch_perfmon pebs bts rep_good nopl xtopology nonstop_tsc aperfmperf eagerfpu pni pclmulqdq dtes64 monitor ds_cpl vmx est tm2 ssse3 cx16 xtpr pdcm pcid sse4_1 sse4_2 x2apic popcnt tsc_deadline_timer xsave avx f16c lahf_lm epb tpr_shadow vnmi flexpriority ept vpid fsgsbase smep erms xsaveopt dtherm arat pln pts
bugs		:
bogomips	: 4789.17
clflush size	: 64
cache_alignment	: 64
address sizes	: 36 bits physical, 48 bits virtual
power management:

processor	: 2
vendor_id	: GenuineIntel
cpu family	: 6
model		: 58
model name	: Intel(R) Core(TM) i3-3110M CPU @ 2.40GHz
stepping	: 9
microcode	: 0x17
cpu MHz		: 1399.125
cache size	: 3072 KB
physical id	: 0
siblings	: 4
core id		: 1
cpu cores	: 2
apicid		: 2
initial apicid	: 2
fpu		: yes
fpu_exception	: yes
cpuid level	: 13
wp		: yes
flags		: fpu vme de pse tsc msr pae mce cx8 apic sep mtrr pge mca cmov pat pse36 clflush dts acpi mmx fxsr sse sse2 ss ht tm pbe syscall nx rdtscp lm constant_tsc arch_perfmon pebs bts rep_good nopl xtopology nonstop_tsc aperfmperf eagerfpu pni pclmulqdq dtes64 monitor ds_cpl vmx est tm2 ssse3 cx16 xtpr pdcm pcid sse4_1 sse4_2 x2apic popcnt tsc_deadline_timer xsave avx f16c lahf_lm epb tpr_shadow vnmi flexpriority ept vpid fsgsbase smep erms xsaveopt dtherm arat pln pts
bugs		:
bogomips	: 4789.17
clflush size	: 64
cache_alignment	: 64
address sizes	: 36 bits physical, 48 bits virtual
power management:

processor	: 3
vendor_id	: GenuineIntel
cpu family	: 6
model		: 58
model name	: Intel(R) Core(TM) i3-3110M CPU @ 2.40GHz
stepping	: 9
microcode	: 0x17
cpu MHz		: 1486.687
cache size	: 3072 KB
physical id	: 0
siblings	: 4
core id		: 1
cpu cores	: 2
apicid		: 3
initial apicid	: 3
fpu		: yes
fpu_exception	: yes
cpuid level	: 13
wp		: yes
flags		: fpu vme de pse tsc msr pae mce cx8 apic sep mtrr pge mca cmov pat pse36 clflush dts acpi mmx fxsr sse sse2 ss ht tm pbe syscall nx rdtscp lm constant_tsc arch_perfmon pebs bts rep_good nopl xtopology nonstop_tsc aperfmperf eagerfpu pni pclmulqdq dtes64 monitor ds_cpl vmx est tm2 ssse3 cx16 xtpr pdcm pcid sse4_1 sse4_2 x2apic popcnt tsc_deadline_timer xsave avx f16c lahf_lm epb tpr_shadow vnmi flexpriority ept vpid fsgsbase smep erms xsaveopt dtherm arat pln pts
bugs		:
bogomips	: 4789.17
clflush size	: 64
cache_alignment	: 64
address sizes	: 36 bits physical, 48 bits virtual
power management:



Memory: 4k page, physical 3936056k(110868k free), swap 0k(0k free)

vm_info: OpenJDK 64-Bit Server VM (25.91-b14) for linux-amd64 JRE (1.8.0_91-8u91-b14-0ubuntu4~16.04.1-b14), built on Apr 23 2016 07:03:54 by "buildd" with gcc 5.3.1 20160413

time: Thu Aug 25 15:38:57 2016
elapsed time: 12 seconds (0d 0h 0m 12s)

